"../../../Engine/Content/Functions/Engine_MaterialFunctions01/Gradient/LinearGradient.uasset" 0
"../../../Engine/Content/Functions/Engine_MaterialFunctions01/ImageAdjustment/CheapContrast.uasset" 1
"../../../Engine/Content/Functions/Engine_MaterialFunctions01/ImageAdjustment/SCurve.uasset" 2
"../../../Engine/Content/MapTemplates/TilingNoise05.uasset" 3
"../../../Engine/Content/Functions/Engine_MaterialFunctions01/Texturing/TriplanarCameraVector.uasset" 4
"../../../Engine/Content/Functions/Engine_MaterialFunctions02/Math/AddComponents.uasset" 5
"../../../Engine/Content/Functions/Engine_MaterialFunctions02/Texturing/WorldPositionWithScale.uasset" 6
"../../../Engine/Content/Functions/Engine_MaterialFunctions02/Utility/BreakOutFloat2Components.uasset" 7
"../../../Engine/Content/Functions/Engine_MaterialFunctions02/Utility/BreakOutFloat3Components.uasset" 8
"../../../Engine/Content/Functions/Engine_MaterialFunctions02/Utility/MakeFloat3.uasset" 9
"../../../Engine/Content/Functions/Engine_MaterialFunctions02/Utility/Sign.uasset" 10
"../../../Engine/Content/Functions/Engine_MaterialFunctions02/Utility/Round.uasset" 11
"../../../Engine/Content/EngineMaterials/BlendFunc_DefBase.uasset" 12
"../../../Engine/Content/EngineMaterials/BlendFunc_DefBlend.uasset" 13
"../../../Engine/Content/Functions/Engine_MaterialFunctions03/Blends/Blend_Difference.uasset" 14
"../../../../../../Users/u1274838/Desktop/Line_Climber_Iter/Content/AdvancedCelShader/CelShader/MaterialFunctions/Posterize.uasset" 15
"../../../../../../Users/u1274838/Desktop/Line_Climber_Iter/Content/AdvancedCelShader/CelShader/MaterialFunctions/CelPosterize.uasset" 16
"../../../../../../Users/u1274838/Desktop/Line_Climber_Iter/Content/AdvancedCelShader/CelShader/MaterialFunctions/CustomBlur1.uasset" 17
"../../../../../../Users/u1274838/Desktop/Line_Climber_Iter/Content/AdvancedCelShader/CelShader/MaterialFunctions/CustomBlur2.uasset" 18
"../../../../../../Users/u1274838/Desktop/Line_Climber_Iter/Content/AdvancedCelShader/CelShader/MaterialFunctions/DepthMask.uasset" 19
"../../../../../../Users/u1274838/Desktop/Line_Climber_Iter/Content/AdvancedCelShader/CelShader/MaterialFunctions/EdgeDetectColour.uasset" 20
"../../../../../../Users/u1274838/Desktop/Line_Climber_Iter/Content/AdvancedCelShader/CelShader/MaterialFunctions/EdgeDetectDepth.uasset" 21
"../../../../../../Users/u1274838/Desktop/Line_Climber_Iter/Content/AdvancedCelShader/CelShader/MaterialFunctions/InnerShadow.uasset" 22
"../../../../../../Users/u1274838/Desktop/Line_Climber_Iter/Content/AdvancedCelShader/CelShader/MaterialFunctions/MaskSky.uasset" 23
"../../../../../../Users/u1274838/Desktop/Line_Climber_Iter/Content/AdvancedCelShader/CelShader/MaterialFunctions/OuterShadow.uasset" 24
"../../../../../../Users/u1274838/Desktop/Line_Climber_Iter/Content/AdvancedCelShader/CelShader/MaterialFunctions/PixellateUVs.uasset" 25
"../../../../../../Users/u1274838/Desktop/Line_Climber_Iter/Content/AdvancedCelShader/CelShader/MaterialFunctions/SkyMask.uasset" 26
"../../../../../../Users/u1274838/Desktop/Line_Climber_Iter/Content/AdvancedCelShader/CelShader/MaterialFunctions/Slider.uasset" 27
"../../../../../../Users/u1274838/Desktop/Line_Climber_Iter/Content/AdvancedCelShader/CelShader/Textures/PrintDots.uasset" 28
"../../../../../../Users/u1274838/Desktop/Line_Climber_Iter/Content/AdvancedCelShader/CelShader/Textures/sketch_mask_2.uasset" 29
"../../../../../../Users/u1274838/Desktop/Line_Climber_Iter/Content/AdvancedCelShader/CelShader/Textures/spatter.uasset" 30
"../../../../../../Users/u1274838/Desktop/Line_Climber_Iter/Content/AdvancedCelShader/CelShader/Textures/watercolour_texture.uasset" 31
"../../../../../../Users/u1274838/Desktop/Line_Climber_Iter/Content/AdvancedCelShader/CelShader/Materials/CelShader.uasset" 32
"../../../../../../Users/u1274838/Desktop/Line_Climber_Iter/Content/AdvancedCelShader/CelShader/Presets/CelShader80sCartoon.uasset" 33
"../../../../../../Users/u1274838/Desktop/Line_Climber_Iter/Content/AdvancedCelShader/CelShader/Textures/paint_normal_normal.uasset" 34
"../../../../../../Users/u1274838/Desktop/Line_Climber_Iter/Content/AdvancedCelShader/CelShader/Presets/CelShaderAgedComic.uasset" 35
"../../../../../../Users/u1274838/Desktop/Line_Climber_Iter/Content/AdvancedCelShader/CelShader/Presets/CelShaderAnime.uasset" 36
"../../../../../../Users/u1274838/Desktop/Line_Climber_Iter/Content/AdvancedCelShader/CelShader/Presets/CelShaderChalkOnBlackboard.uasset" 37
"../../../../../../Users/u1274838/Desktop/Line_Climber_Iter/Content/AdvancedCelShader/CelShader/Textures/burlap.uasset" 38
"../../../../../../Users/u1274838/Desktop/Line_Climber_Iter/Content/AdvancedCelShader/CelShader/Presets/CelShaderColouredPencil.uasset" 39
"../../../../../../Users/u1274838/Desktop/Line_Climber_Iter/Content/AdvancedCelShader/CelShader/Textures/sketch_mask.uasset" 40
"../../../../../../Users/u1274838/Desktop/Line_Climber_Iter/Content/AdvancedCelShader/CelShader/Presets/CelShaderDirtyManga.uasset" 41
"../../../Engine/Content/Functions/Engine_MaterialFunctions01/ImageAdjustment/BlurSampleOffsets.uasset" 42
"../../../Engine/Content/Functions/Engine_MaterialFunctions01/Opacity/CameraDepthFade.uasset" 43
"../../../../../../Users/u1274838/Desktop/Line_Climber_Iter/Content/AdvancedCelShader/CelShader/MaterialFunctions/PosterizeForward.uasset" 44
"../../../../../../Users/u1274838/Desktop/Line_Climber_Iter/Content/AdvancedCelShader/CelShader/MaterialFunctions/CelPosterizeForward.uasset" 45
"../../../../../../Users/u1274838/Desktop/Line_Climber_Iter/Content/AdvancedCelShader/CelShader/MaterialFunctions/EdgeDetectColourForward.uasset" 46
"../../../../../../Users/u1274838/Desktop/Line_Climber_Iter/Content/AdvancedCelShader/CelShader/MaterialFunctions/EdgeDetectDepthForward.uasset" 47
"../../../../../../Users/u1274838/Desktop/Line_Climber_Iter/Content/AdvancedCelShader/CelShader/Materials/CelShaderForward.uasset" 48
"../../../../../../Users/u1274838/Desktop/Line_Climber_Iter/Content/AdvancedCelShader/CelShader/Presets/CelShaderForwardDefault.uasset" 49
"../../../../../../Users/u1274838/Desktop/Line_Climber_Iter/Content/AdvancedCelShader/CelShader/Presets/CelShaderHeroComic.uasset" 50
"../../../../../../Users/u1274838/Desktop/Line_Climber_Iter/Content/AdvancedCelShader/CelShader/Presets/CelShaderNewsprint.uasset" 51
"../../../../../../Users/u1274838/Desktop/Line_Climber_Iter/Content/AdvancedCelShader/CelShader/Presets/CelShaderOldSchoolAdventure.uasset" 52
"../../../../../../Users/u1274838/Desktop/Line_Climber_Iter/Content/AdvancedCelShader/CelShader/Textures/brushstrokes.uasset" 53
"../../../../../../Users/u1274838/Desktop/Line_Climber_Iter/Content/AdvancedCelShader/CelShader/Presets/CelShaderParchment.uasset" 54
"../../../../../../Users/u1274838/Desktop/Line_Climber_Iter/Content/AdvancedCelShader/CelShader/Presets/CelShaderSumi.uasset" 55
"../../../../../../Users/u1274838/Desktop/Line_Climber_Iter/Content/AdvancedCelShader/CelShader/Presets/CelShaderTrip.uasset" 56
"../../../../../../Users/u1274838/Desktop/Line_Climber_Iter/Content/AdvancedCelShader/CelShader/Presets/CelShaderVoltron.uasset" 57
"../../../../../../Users/u1274838/Desktop/Line_Climber_Iter/Content/AdvancedCelShader/CelShader/Textures/flatwhite.uasset" 58
"../../../../../../Users/u1274838/Desktop/Line_Climber_Iter/Content/AdvancedCelShader/CelShader/Presets/CelShaderWatercolour.uasset" 59
"../../../../../../Users/u1274838/Desktop/Line_Climber_Iter/Content/AdvancedCelShader/CelShader/Presets/CelShaderWindWalker.uasset" 60
"../../../../../../Users/u1274838/Desktop/Line_Climber_Iter/Content/AdvancedCelShader/CelShader/MaterialFunctions/EdgeDetectColourv2.uasset" 61
"../../../../../../Users/u1274838/Desktop/Line_Climber_Iter/Content/AdvancedCelShader/CelShader/MaterialFunctions/EdgeDetectDepthv2.uasset" 62
"../../../../../../Users/u1274838/Desktop/Line_Climber_Iter/Content/AdvancedCelShader/CelShader/Materials/CelShaderV2.uasset" 63
"../../../../../../Users/u1274838/Desktop/Line_Climber_Iter/Content/AdvancedCelShader/CelShader/PresetsV2/CelShaderV2_CleanComic.uasset" 64
"../../../../../../Users/u1274838/Desktop/Line_Climber_Iter/Content/AdvancedCelShader/CelShader/PresetsV2/CelShaderV2_Radioactive.uasset" 65
"../../../../../../Users/u1274838/Desktop/Line_Climber_Iter/Content/AdvancedCelShader/Landscape/Materials/LandscapeTopology.uasset" 66
"../../../Engine/Content/Functions/Engine_MaterialFunctions02/SplitComponents.uasset" 67
"../../../Engine/Content/Functions/Engine_MaterialFunctions03/Blends/Blend_Overlay.uasset" 68
"../../../../../../Users/u1274838/Desktop/Line_Climber_Iter/Content/AdvancedCelShader/Landscape/Textures/gravel.uasset" 69
"../../../../../../Users/u1274838/Desktop/Line_Climber_Iter/Content/AdvancedCelShader/Landscape/Textures/grey.uasset" 70
"../../../../../../Users/u1274838/Desktop/Line_Climber_Iter/Content/AdvancedCelShader/Landscape/Textures/rock_2.uasset" 71
"../../../../../../Users/u1274838/Desktop/Line_Climber_Iter/Content/AdvancedCelShader/Landscape/Textures/sand.uasset" 72
"../../../../../../Users/u1274838/Desktop/Line_Climber_Iter/Content/AdvancedCelShader/Landscape/Textures/volcanic_mountain_normal.uasset" 73
"../../../../../../Users/u1274838/Desktop/Line_Climber_Iter/Content/AdvancedCelShader/Landscape/Materials/MAT_Landscape.uasset" 74
"../../../../../../Users/u1274838/Desktop/Line_Climber_Iter/Content/AdvancedCelShader/Landscape/Materials/MAT_Sand.uasset" 75
"../../../../../../Users/u1274838/Desktop/Line_Climber_Iter/Content/AdvancedCelShader/CelShader/MaterialFunctions/PackDepth.uasset" 76
"../../../../../../Users/u1274838/Desktop/Line_Climber_Iter/Content/AdvancedCelShader/MobileCelShader/MaterialFunctions/EdgeDetectColourMobile.uasset" 77
"../../../../../../Users/u1274838/Desktop/Line_Climber_Iter/Content/AdvancedCelShader/MobileCelShader/MaterialFunctions/EdgeDetectDepthMobile.uasset" 78
"../../../../../../Users/u1274838/Desktop/Line_Climber_Iter/Content/AdvancedCelShader/MobileCelShader/Materials/CelShaderMobile.uasset" 79
"../../../../../../Users/u1274838/Desktop/Line_Climber_Iter/Content/AdvancedCelShader/MobileCelShader/Presets/CelShaderMobilePixelArt.uasset" 80
"../../../Engine/Content/Functions/Engine_MaterialFunctions02/Utility/LinearSine.uasset" 81
"../../../Engine/Content/Functions/Engine_MaterialFunctions02/Utility/VectorLength.uasset" 82
"../../../../../../Users/u1274838/Desktop/Line_Climber_Iter/Content/AdvancedCelShader/Water/Textures/Ripple.uasset" 83
"../../../../../../Users/u1274838/Desktop/Line_Climber_Iter/Content/AdvancedCelShader/Landscape/Textures/water_bump.uasset" 84
"../../../../../../Users/u1274838/Desktop/Line_Climber_Iter/Content/AdvancedCelShader/Landscape/Textures/water_bump2.uasset" 85
"../../../../../../Users/u1274838/Desktop/Line_Climber_Iter/Content/AdvancedCelShader/Water/Textures/foam2.uasset" 86
"../../../../../../Users/u1274838/Desktop/Line_Climber_Iter/Content/AdvancedCelShader/Water/Textures/ocean_normal.uasset" 87
"../../../../../../Users/u1274838/Desktop/Line_Climber_Iter/Content/AdvancedCelShader/Water/Materials/CartoonWater.uasset" 88
"../../../../../../Users/u1274838/Desktop/Line_Climber_Iter/Content/AudioFX/MenuStartGame.uasset" 89
"../../../../../../Users/u1274838/Desktop/Line_Climber_Iter/Content/BasicTetris/Master.uasset" 90
"../../../../../../Users/u1274838/Desktop/Line_Climber_Iter/Content/BasicTetris/Blue.uasset" 91
"../../../../../../Users/u1274838/Desktop/Line_Climber_Iter/Content/StarterContent/Materials/M_Basic_Wall.uasset" 92
"../../../../../../Users/u1274838/Desktop/Line_Climber_Iter/Content/BasicTetris/Shape_Cube.uasset" 93
"../../../../../../Users/u1274838/Desktop/Line_Climber_Iter/Content/BasicTetris/I.uasset" 94
"../../../../../../Users/u1274838/Desktop/Line_Climber_Iter/Content/BasicTetris/Navy.uasset" 95
"../../../../../../Users/u1274838/Desktop/Line_Climber_Iter/Content/BasicTetris/J.uasset" 96
"../../../../../../Users/u1274838/Desktop/Line_Climber_Iter/Content/BasicTetris/Orange.uasset" 97
"../../../../../../Users/u1274838/Desktop/Line_Climber_Iter/Content/BasicTetris/L.uasset" 98
"../../../../../../Users/u1274838/Desktop/Line_Climber_Iter/Content/BasicTetris/Yellow.uasset" 99
"../../../../../../Users/u1274838/Desktop/Line_Climber_Iter/Content/BasicTetris/O.uasset" 100
"../../../../../../Users/u1274838/Desktop/Line_Climber_Iter/Content/BasicTetris/Green.uasset" 101
"../../../../../../Users/u1274838/Desktop/Line_Climber_Iter/Content/BasicTetris/S.uasset" 102
"../../../../../../Users/u1274838/Desktop/Line_Climber_Iter/Content/BasicTetris/Purple.uasset" 103
"../../../../../../Users/u1274838/Desktop/Line_Climber_Iter/Content/BasicTetris/T.uasset" 104
"../../../../../../Users/u1274838/Desktop/Line_Climber_Iter/Content/BasicTetris/REd.uasset" 105
"../../../../../../Users/u1274838/Desktop/Line_Climber_Iter/Content/BasicTetris/Z.uasset" 106
"../../../../../../Users/u1274838/Desktop/Line_Climber_Iter/Content/Imported_Voxel_Assets/BaseBlock-0-try3.uasset" 107
"../../../../../../Users/u1274838/Desktop/Line_Climber_Iter/Content/Materials/Grayscale_Mat_Overlay.uasset" 108
"../../../../../../Users/u1274838/Desktop/Line_Climber_Iter/Content/Materials/Blue_Mat.uasset" 109
"../../../../../../Users/u1274838/Desktop/Line_Climber_Iter/Content/Models/Block_Blue.uasset" 110
"../../../../../../Users/u1274838/Desktop/Line_Climber_Iter/Content/Blueprints/I.uasset" 111
"../../../../../../Users/u1274838/Desktop/Line_Climber_Iter/Content/CubeCheck.uasset" 112
"../../../Engine/Content/EditorBlueprintResources/StandardMacros.uasset" 113
"../../../../../../Users/u1274838/Desktop/Line_Climber_Iter/Content/Don/Types/MoveDirection.uasset" 114
"../../../Engine/Content/Functions/Engine_MaterialFunctions02/Utility/BlendAngleCorrectedNormals.uasset" 115
"../../../../../../Users/u1274838/Desktop/Line_Climber_Iter/Content/StarterContent/Textures/T_MacroVariation.uasset" 116
"../../../../../../Users/u1274838/Desktop/Line_Climber_Iter/Content/StarterContent/Textures/T_Metal_Rust_D.uasset" 117
"../../../../../../Users/u1274838/Desktop/Line_Climber_Iter/Content/StarterContent/Textures/T_Metal_Rust_N.uasset" 118
"../../../../../../Users/u1274838/Desktop/Line_Climber_Iter/Content/ParticleEffects/Materials/Dust.uasset" 119
"../../../../../../Users/u1274838/Desktop/Line_Climber_Iter/Content/ParticleEffects/DustPoof.uasset" 120
"../../../../../../Users/u1274838/Desktop/Line_Climber_Iter/Content/Don/Blocks/Moveable.uasset" 121
"../../../../../../Users/u1274838/Desktop/Line_Climber_Iter/Content/Imported_Voxel_Assets/Grayscale_Mat.uasset" 122
"../../../../../../Users/u1274838/Desktop/Line_Climber_Iter/Content/Models/RockBlock.uasset" 123
"../../../../../../Users/u1274838/Desktop/Line_Climber_Iter/Content/Don/Blocks/MoveableI.uasset" 124
"../../../../../../Users/u1274838/Desktop/Line_Climber_Iter/Content/Don/Blocks/I_2.uasset" 125
"../../../../../../Users/u1274838/Desktop/Line_Climber_Iter/Content/Don/I_2.uasset" 126
"../../../../../../Users/u1274838/Desktop/Line_Climber_Iter/Content/Blueprints/I_2.uasset" 127
"../../../../../../Users/u1274838/Desktop/Line_Climber_Iter/Content/Materials/Navy_Mat.uasset" 128
"../../../../../../Users/u1274838/Desktop/Line_Climber_Iter/Content/Models/Block_Navy.uasset" 129
"../../../../../../Users/u1274838/Desktop/Line_Climber_Iter/Content/Blueprints/J.uasset" 130
"../../../../../../Users/u1274838/Desktop/Line_Climber_Iter/Content/Don/Blocks/MoveableJ.uasset" 131
"../../../../../../Users/u1274838/Desktop/Line_Climber_Iter/Content/Don/Blocks/J_2.uasset" 132
"../../../../../../Users/u1274838/Desktop/Line_Climber_Iter/Content/Don/J_2.uasset" 133
"../../../../../../Users/u1274838/Desktop/Line_Climber_Iter/Content/Blueprints/J_2.uasset" 134
"../../../../../../Users/u1274838/Desktop/Line_Climber_Iter/Content/Materials/Orange_Mat.uasset" 135
"../../../../../../Users/u1274838/Desktop/Line_Climber_Iter/Content/Models/Block_Orange.uasset" 136
"../../../../../../Users/u1274838/Desktop/Line_Climber_Iter/Content/Blueprints/L.uasset" 137
"../../../../../../Users/u1274838/Desktop/Line_Climber_Iter/Content/Don/Blocks/MoveableL.uasset" 138
"../../../../../../Users/u1274838/Desktop/Line_Climber_Iter/Content/Don/Blocks/Moveable2.uasset" 139
"../../../../../../Users/u1274838/Desktop/Line_Climber_Iter/Content/Don/Blocks/L_2.uasset" 140
"../../../../../../Users/u1274838/Desktop/Line_Climber_Iter/Content/Don/L_2.uasset" 141
"../../../../../../Users/u1274838/Desktop/Line_Climber_Iter/Content/Blueprints/L_2.uasset" 142
"../../../../../../Users/u1274838/Desktop/Line_Climber_Iter/Content/Mannequin/Character/Mesh/UE4_Mannequin_Skeleton.uasset" 143
"../../../../../../Users/u1274838/Desktop/Line_Climber_Iter/Content/Mannequin/Animations/ThirdPerson_Jump.uasset" 144
"../../../../../../Users/u1274838/Desktop/Line_Climber_Iter/Content/Mannequin/Animations/ThirdPersonJump_Loop.uasset" 145
"../../../../../../Users/u1274838/Desktop/Line_Climber_Iter/Content/Mannequin/Animations/ThirdPersonJump_Start.uasset" 146
"../../../../../../Users/u1274838/Desktop/Line_Climber_Iter/Content/Mannequin/Animations/ThirdPersonIdle.uasset" 147
"../../../../../../Users/u1274838/Desktop/Line_Climber_Iter/Content/Mannequin/Animations/ThirdPersonRun.uasset" 148
"../../../../../../Users/u1274838/Desktop/Line_Climber_Iter/Content/Mannequin/Animations/ThirdPersonWalk.uasset" 149
"../../../../../../Users/u1274838/Desktop/Line_Climber_Iter/Content/Mannequin/Animations/ThirdPerson_IdleRun_2D.uasset" 150
"../../../../../../Users/u1274838/Desktop/Line_Climber_Iter/Content/Mannequin/Animations/ThirdPerson_AnimBP.uasset" 151
"../../../Engine/Content/Functions/MaterialLayerFunctions/MatLayerBlend_NormalBlend.uasset" 152
"../../../Engine/Content/Functions/MaterialLayerFunctions/MatLayerBlend_Simple.uasset" 153
"../../../../../../Users/u1274838/Desktop/Line_Climber_Iter/Content/Mannequin/Character/Materials/MaterialLayers/T_ML_Rubber_Blue_01_D.uasset" 154
"../../../../../../Users/u1274838/Desktop/Line_Climber_Iter/Content/Mannequin/Character/Materials/MaterialLayers/T_ML_Rubber_Blue_01_N.uasset" 155
"../../../../../../Users/u1274838/Desktop/Line_Climber_Iter/Content/Mannequin/Character/Materials/MaterialLayers/ML_GlossyBlack_Latex_UE4.uasset" 156
"../../../../../../Users/u1274838/Desktop/Line_Climber_Iter/Content/Mannequin/Character/Materials/MaterialLayers/ML_Plastic_Shiny_Beige.uasset" 157
"../../../../../../Users/u1274838/Desktop/Line_Climber_Iter/Content/Mannequin/Character/Textures/UE4_LOGO_CARD.uasset" 158
"../../../../../../Users/u1274838/Desktop/Line_Climber_Iter/Content/Mannequin/Character/Materials/MaterialLayers/ML_Plastic_Shiny_Beige_LOGO.uasset" 159
"../../../../../../Users/u1274838/Desktop/Line_Climber_Iter/Content/Mannequin/Character/Materials/MaterialLayers/T_ML_Aluminum01.uasset" 160
"../../../../../../Users/u1274838/Desktop/Line_Climber_Iter/Content/Mannequin/Character/Materials/MaterialLayers/T_ML_Aluminum01_N.uasset" 161
"../../../../../../Users/u1274838/Desktop/Line_Climber_Iter/Content/Mannequin/Character/Materials/MaterialLayers/ML_SoftMetal_UE4.uasset" 162
"../../../../../../Users/u1274838/Desktop/Line_Climber_Iter/Content/Mannequin/Character/Textures/UE4_Mannequin__normals.uasset" 163
"../../../../../../Users/u1274838/Desktop/Line_Climber_Iter/Content/Mannequin/Character/Textures/UE4_Mannequin_MAT_MASKA.uasset" 164
"../../../../../../Users/u1274838/Desktop/Line_Climber_Iter/Content/Mannequin/Character/Materials/M_UE4Man_Body.uasset" 165
"../../../../../../Users/u1274838/Desktop/Line_Climber_Iter/Content/Mannequin/Character/Textures/UE4Man_Logo_N.uasset" 166
"../../../../../../Users/u1274838/Desktop/Line_Climber_Iter/Content/Mannequin/Character/Materials/M_UE4Man_ChestLogo.uasset" 167
"../../../../../../Users/u1274838/Desktop/Line_Climber_Iter/Content/Mannequin/Character/Mesh/SK_Mannequin_PhysicsAsset.uasset" 168
"../../../../../../Users/u1274838/Desktop/Line_Climber_Iter/Content/Mannequin/Character/Mesh/SK_Mannequin.uasset" 169
"../../../../../../Users/u1274838/Desktop/Line_Climber_Iter/Content/Don/DashingPlayer.uasset" 170
"../../../../../../Users/u1274838/Desktop/Line_Climber_Iter/Content/Don/DashTestingMode.uasset" 171
"../../../../../../Users/u1274838/Desktop/Line_Climber_Iter/Content/Blueprints/NewGameMode.uasset" 172
"../../../../../../Users/u1274838/Desktop/Line_Climber_Iter/Content/Materials/Green_Mat.uasset" 173
"../../../../../../Users/u1274838/Desktop/Line_Climber_Iter/Content/Models/Block_Green.uasset" 174
"../../../../../../Users/u1274838/Desktop/Line_Climber_Iter/Content/Blueprints/S.uasset" 175
"../../../../../../Users/u1274838/Desktop/Line_Climber_Iter/Content/Don/Blocks/MoveableS.uasset" 176
"../../../../../../Users/u1274838/Desktop/Line_Climber_Iter/Content/Don/Blocks/S_2.uasset" 177
"../../../../../../Users/u1274838/Desktop/Line_Climber_Iter/Content/Don/S_2.uasset" 178
"../../../../../../Users/u1274838/Desktop/Line_Climber_Iter/Content/Blueprints/S_2.uasset" 179
"../../../../../../Users/u1274838/Desktop/Line_Climber_Iter/Content/Materials/Purple_Mat.uasset" 180
"../../../../../../Users/u1274838/Desktop/Line_Climber_Iter/Content/Models/Block_Purple.uasset" 181
"../../../../../../Users/u1274838/Desktop/Line_Climber_Iter/Content/Blueprints/T.uasset" 182
"../../../../../../Users/u1274838/Desktop/Line_Climber_Iter/Content/Don/Blocks/MoveableT.uasset" 183
"../../../../../../Users/u1274838/Desktop/Line_Climber_Iter/Content/Don/Blocks/T_2.uasset" 184
"../../../../../../Users/u1274838/Desktop/Line_Climber_Iter/Content/Don/T_2.uasset" 185
"../../../../../../Users/u1274838/Desktop/Line_Climber_Iter/Content/Blueprints/T_2.uasset" 186
"../../../../../../Users/u1274838/Desktop/Line_Climber_Iter/Content/Materials/Red_Mat.uasset" 187
"../../../../../../Users/u1274838/Desktop/Line_Climber_Iter/Content/Models/Block_Red.uasset" 188
"../../../../../../Users/u1274838/Desktop/Line_Climber_Iter/Content/Blueprints/Z.uasset" 189
"../../../../../../Users/u1274838/Desktop/Line_Climber_Iter/Content/Don/Blocks/MoveableZ.uasset" 190
"../../../../../../Users/u1274838/Desktop/Line_Climber_Iter/Content/Don/Blocks/Z_2.uasset" 191
"../../../../../../Users/u1274838/Desktop/Line_Climber_Iter/Content/Don/Z_2.uasset" 192
"../../../../../../Users/u1274838/Desktop/Line_Climber_Iter/Content/Blueprints/Z_2.uasset" 193
"../../../../../../Users/u1274838/Desktop/Line_Climber_Iter/Content/Jackson/BACKTO1982.uasset" 194
"../../../../../../Users/u1274838/Desktop/Line_Climber_Iter/Content/Jackson/BACKTO1982_Font.uasset" 195
"../../../../../../Users/u1274838/Desktop/Line_Climber_Iter/Content/Casey/BlocksLeft_UI.uasset" 196
"../../../../../../Users/u1274838/Desktop/Line_Climber_Iter/Content/Casey/CurrentScore_UI.uasset" 197
"../../../../../../Users/u1274838/Desktop/Line_Climber_Iter/Content/Casey/HighScore_CaseyTest.uasset" 198
"../../../../../../Users/u1274838/Desktop/Line_Climber_Iter/Content/Casey/HighScore_UI.uasset" 199
"../../../../../../Users/u1274838/Desktop/Line_Climber_Iter/Content/Dan/Blueprints/SideScrollerCharacter.uasset" 200
"../../../../../../Users/u1274838/Desktop/Line_Climber_Iter/Content/SideScrollerBP/Blueprints/SideScrollerCharacter.uasset" 201
"../../../../../../Users/u1274838/Desktop/Line_Climber_Iter/Content/Dan/Blueprints/SideScrollerGameMode.uasset" 202
"../../../../../../Users/u1274838/Desktop/Line_Climber_Iter/Content/Dan/Maps/SideScrollerExampleMap_BuiltData.uasset" 203
"../../../../../../Users/u1274838/Desktop/Line_Climber_Iter/Content/Don/CubeCheck.uasset" 204
"../../../../../../Users/u1274838/Desktop/Line_Climber_Iter/Content/Don/Blocks/MoveableO.uasset" 205
"../../../../../../Users/u1274838/Desktop/Line_Climber_Iter/Content/Don/MoveableO.uasset" 206
"../../../../../../Users/u1274838/Desktop/Line_Climber_Iter/Content/Don/MoveDirection.uasset" 207
"../../../../../../Users/u1274838/Desktop/Line_Climber_Iter/Content/ExampleContent/ParagonGreystone/Characters/Global/Hair/SharedHairContent/AnimalHairSet01/T_AnimalHairSet01_Depth.uasset" 208
"../../../../../../Users/u1274838/Desktop/Line_Climber_Iter/Content/ExampleContent/ParagonGreystone/Characters/Global/Hair/SharedHairContent/AnimalHairSet01/T_AnimalHairSet01_ID.uasset" 209
"../../../../../../Users/u1274838/Desktop/Line_Climber_Iter/Content/ExampleContent/ParagonGreystone/Characters/Global/Hair/SharedHairContent/AnimalHairSet01/T_AnimalHairSet01_Opacity.uasset" 210
"../../../../../../Users/u1274838/Desktop/Line_Climber_Iter/Content/ExampleContent/ParagonGreystone/Characters/Global/Hair/SharedHairContent/AnimalHairSet01/T_AnimalHairSet01_Root.uasset" 211
"../../../../../../Users/u1274838/Desktop/Line_Climber_Iter/Content/Geometry/Meshes/CubeMaterial.uasset" 212
"../../../../../../Users/u1274838/Desktop/Line_Climber_Iter/Content/Geometry/Meshes/1M_Cube_Chamfer.uasset" 213
"../../../../../../Users/u1274838/Desktop/Line_Climber_Iter/Content/Imported_Voxel_Assets/BaseBlock.uasset" 214
"../../../../../../Users/u1274838/Desktop/Line_Climber_Iter/Content/Imported_Voxel_Assets/lambert1.uasset" 215
"../../../../../../Users/u1274838/Desktop/Line_Climber_Iter/Content/Imported_Voxel_Assets/BG_Mountain.uasset" 216
"../../../../../../Users/u1274838/Desktop/Line_Climber_Iter/Content/Imported_Voxel_Assets/Brick.uasset" 217
"../../../../../../Users/u1274838/Desktop/Line_Climber_Iter/Content/Imported_Voxel_Assets/Character-0-Legs.uasset" 218
"../../../../../../Users/u1274838/Desktop/Line_Climber_Iter/Content/Imported_Voxel_Assets/Character2-2-Head.uasset" 219
"../../../../../../Users/u1274838/Desktop/Line_Climber_Iter/Content/Materials/VoxTrisChar.uasset" 220
"../../../../../../Users/u1274838/Desktop/Line_Climber_Iter/Content/Materials/Character_Mat.uasset" 221
"../../../../../../Users/u1274838/Desktop/Line_Climber_Iter/Content/Imported_Voxel_Assets/Character_Mat.uasset" 222
"../../../../../../Users/u1274838/Desktop/Line_Climber_Iter/Content/Imported_Voxel_Assets/Character_TPose_PhysicsAsset.uasset" 223
"../../../../../../Users/u1274838/Desktop/Line_Climber_Iter/Content/Imported_Voxel_Assets/Character_TPose_Skeleton.uasset" 224
"../../../../../../Users/u1274838/Desktop/Line_Climber_Iter/Content/Imported_Voxel_Assets/Character_TPose.uasset" 225
"../../../../../../Users/u1274838/Desktop/Line_Climber_Iter/Content/Imported_Voxel_Assets/Cloud_Mesh.uasset" 226
"../../../../../../Users/u1274838/Desktop/Line_Climber_Iter/Content/Imported_Voxel_Assets/Grass.uasset" 227
"../../../../../../Users/u1274838/Desktop/Line_Climber_Iter/Content/Imported_Voxel_Assets/Grass_Mat.uasset" 228
"../../../../../../Users/u1274838/Desktop/Line_Climber_Iter/Content/Imported_Voxel_Assets/Dirt_Mesh.uasset" 229
"../../../../../../Users/u1274838/Desktop/Line_Climber_Iter/Content/Imported_Voxel_Assets/Grass1.uasset" 230
"../../../../../../Users/u1274838/Desktop/Line_Climber_Iter/Content/Imported_Voxel_Assets/Grass_Clump.uasset" 231
"../../../../../../Users/u1274838/Desktop/Line_Climber_Iter/Content/Imported_Voxel_Assets/GrassClump_Mat.uasset" 232
"../../../../../../Users/u1274838/Desktop/Line_Climber_Iter/Content/Imported_Voxel_Assets/GrassClump_Mesh.uasset" 233
"../../../../../../Users/u1274838/Desktop/Line_Climber_Iter/Content/Imported_Voxel_Assets/Grass_Mesh.uasset" 234
"../../../../../../Users/u1274838/Desktop/Line_Climber_Iter/Content/Imported_Voxel_Assets/Feather1.uasset" 235
"../../../../../../Users/u1274838/Desktop/Line_Climber_Iter/Content/Materials/Full_Palette.uasset" 236
"../../../../../../Users/u1274838/Desktop/Line_Climber_Iter/Content/Imported_Voxel_Assets/palette1.uasset" 237
"../../../../../../Users/u1274838/Desktop/Line_Climber_Iter/Content/Imported_Voxel_Assets/Character2-0-Feather.uasset" 238
"../../../../../../Users/u1274838/Desktop/Line_Climber_Iter/Content/Imported_Voxel_Assets/palette1_ncl1_1.uasset" 239
"../../../../../../Users/u1274838/Desktop/Line_Climber_Iter/Content/Imported_Voxel_Assets/Character2-3-Torso.uasset" 240
"../../../../../../Users/u1274838/Desktop/Line_Climber_Iter/Content/Imported_Voxel_Assets/palette1_ncl1_2.uasset" 241
"../../../../../../Users/u1274838/Desktop/Line_Climber_Iter/Content/Imported_Voxel_Assets/Character2-4-Legs.uasset" 242
"../../../../../../Users/u1274838/Desktop/Line_Climber_Iter/Content/Imported_Voxel_Assets/palette1_ncl1_3.uasset" 243
"../../../../../../Users/u1274838/Desktop/Line_Climber_Iter/Content/Imported_Voxel_Assets/Character2-5-Feet.uasset" 244
"../../../../../../Users/u1274838/Desktop/Line_Climber_Iter/Content/Imported_Voxel_Assets/palette1_ncl1_4.uasset" 245
"../../../../../../Users/u1274838/Desktop/Line_Climber_Iter/Content/Imported_Voxel_Assets/Character2-1-Arms.uasset" 246
"../../../../../../Users/u1274838/Desktop/Line_Climber_Iter/Content/Imported_Voxel_Assets/palette1_ncl1_5.uasset" 247
"../../../../../../Users/u1274838/Desktop/Line_Climber_Iter/Content/Imported_Voxel_Assets/RockBlockLO.uasset" 248
"../../../../../../Users/u1274838/Desktop/Line_Climber_Iter/Content/Imported_Voxel_Assets/Default_Material.uasset" 249
"../../../../../../Users/u1274838/Desktop/Line_Climber_Iter/Content/Imported_Voxel_Assets/Sun_Mesh.uasset" 250
"../../../../../../Users/u1274838/Desktop/Line_Climber_Iter/Content/Imported_Voxel_Assets/Tree1.uasset" 251
"../../../../../../Users/u1274838/Desktop/Line_Climber_Iter/Content/Materials/Tree_Mat.uasset" 252
"../../../../../../Users/u1274838/Desktop/Line_Climber_Iter/Content/Models/Tree.uasset" 253
"../../../../../../Users/u1274838/Desktop/Line_Climber_Iter/Content/Imported_Voxel_Assets/Tree.uasset" 254
"../../../../../../Users/u1274838/Desktop/Line_Climber_Iter/Content/Jackson/Blox2.uasset" 255
"../../../../../../Users/u1274838/Desktop/Line_Climber_Iter/Content/Jackson/Blox2_Font.uasset" 256
"../../../../../../Users/u1274838/Desktop/Line_Climber_Iter/Content/MainLevel/DonMain.uasset" 257
"../../../../../../Users/u1274838/Desktop/Line_Climber_Iter/Content/MainLevel/MainLevel_GridMovement_BuiltData.uasset" 258
"../../../../../../Users/u1274838/Desktop/Line_Climber_Iter/Content/Mannequin/Animations/ThirdPersonJump_End.uasset" 259
"../../../../../../Users/u1274838/Desktop/Line_Climber_Iter/Content/Materials/Control_Scheme.uasset" 260
"../../../../../../Users/u1274838/Desktop/Line_Climber_Iter/Content/Materials/Start_Menu.uasset" 261
"../../../Engine/Content/EngineMaterials/BaseFlattenDiffuseMap.uasset" 262
"../../../Engine/Content/EngineMaterials/BaseFlattenEmissiveMap.uasset" 263
"../../../Engine/Content/EngineMaterials/BaseFlattenGrayscaleMap.uasset" 264
"../../../Engine/Content/EngineMaterials/BaseFlattenNormalMap.uasset" 265
"../../../Engine/Content/EngineMaterials/NewBaseFlattenMaterial.uasset" 266
"../../../../../../Users/u1274838/Desktop/Line_Climber_Iter/Content/Models/M_Dash_UI_Orange_Mat_3805EC324A8FC1946882309CED31A731.uasset" 267
"../../../../../../Users/u1274838/Desktop/Line_Climber_Iter/Content/SideScrollerBP/SideScrollerOverview.uasset" 268
"../../../../../../Users/u1274838/Desktop/Line_Climber_Iter/Content/Casey/Camera_Follow.uasset" 269
"../../../../../../Users/u1274838/Desktop/Line_Climber_Iter/Content/SideScrollerBP/Blueprints/Camera_Follow.uasset" 270
"../../../../../../Users/u1274838/Desktop/Line_Climber_Iter/Content/SideScrollerBP/Blueprints/DashingPlayer.uasset" 271
"../../../../../../Users/u1274838/Desktop/Line_Climber_Iter/Content/SideScrollerBP/Blueprints/DashTestingMode.uasset" 272
"../../../../../../Users/u1274838/Desktop/Line_Climber_Iter/Content/SideScrollerBP/Maps/PlayerDash.uasset" 273
"../../../../../../Users/u1274838/Desktop/Line_Climber_Iter/Content/SideScrollerBP/Meshes/CubeMaterial.uasset" 274
"../../../../../../Users/u1274838/Desktop/Line_Climber_Iter/Content/SideScrollerBP/Meshes/Ramp_Mesh.uasset" 275
"../../../../../../Users/u1274838/Desktop/Line_Climber_Iter/Content/StarterContent/Architecture/Pillar_50x500.uasset" 276
"../../../../../../Users/u1274838/Desktop/Line_Climber_Iter/Content/StarterContent/Architecture/Wall_400x300.uasset" 277
"../../../../../../Users/u1274838/Desktop/Line_Climber_Iter/Content/StarterContent/Architecture/Wall_400x400.uasset" 278
"../../../../../../Users/u1274838/Desktop/Line_Climber_Iter/Content/StarterContent/Architecture/Wall_500x500.uasset" 279
"../../../../../../Users/u1274838/Desktop/Line_Climber_Iter/Content/StarterContent/Architecture/Wall_Door_400x400.uasset" 280
"../../../../../../Users/u1274838/Desktop/Line_Climber_Iter/Content/StarterContent/Architecture/Wall_Window_400x400.uasset" 281
"../../../../../../Users/u1274838/Desktop/Line_Climber_Iter/Content/StarterContent/Audio/Collapse01.uasset" 282
"../../../../../../Users/u1274838/Desktop/Line_Climber_Iter/Content/StarterContent/Audio/Collapse02.uasset" 283
"../../../../../../Users/u1274838/Desktop/Line_Climber_Iter/Content/StarterContent/Audio/Explosion01.uasset" 284
"../../../../../../Users/u1274838/Desktop/Line_Climber_Iter/Content/StarterContent/Audio/Explosion02.uasset" 285
"../../../../../../Users/u1274838/Desktop/Line_Climber_Iter/Content/StarterContent/Audio/Fire01.uasset" 286
"../../../../../../Users/u1274838/Desktop/Line_Climber_Iter/Content/StarterContent/Audio/Fire_Sparks01.uasset" 287
"../../../../../../Users/u1274838/Desktop/Line_Climber_Iter/Content/StarterContent/Audio/Light01.uasset" 288
"../../../../../../Users/u1274838/Desktop/Line_Climber_Iter/Content/StarterContent/Audio/Light01_Cue.uasset" 289
"../../../../../../Users/u1274838/Desktop/Line_Climber_Iter/Content/StarterContent/Audio/Light02.uasset" 290
"../../../../../../Users/u1274838/Desktop/Line_Climber_Iter/Content/StarterContent/Audio/Light02_Cue.uasset" 291
"../../../../../../Users/u1274838/Desktop/Line_Climber_Iter/Content/StarterContent/Audio/Smoke01.uasset" 292
"../../../../../../Users/u1274838/Desktop/Line_Climber_Iter/Content/StarterContent/Audio/Starter_Birds01.uasset" 293
"../../../../../../Users/u1274838/Desktop/Line_Climber_Iter/Content/StarterContent/Audio/Starter_Music01.uasset" 294
"../../../../../../Users/u1274838/Desktop/Line_Climber_Iter/Content/StarterContent/Audio/Starter_Wind05.uasset" 295
"../../../../../../Users/u1274838/Desktop/Line_Climber_Iter/Content/StarterContent/Audio/Starter_Wind06.uasset" 296
"../../../../../../Users/u1274838/Desktop/Line_Climber_Iter/Content/StarterContent/Audio/Steam01.uasset" 297
"../../../../../../Users/u1274838/Desktop/Line_Climber_Iter/Content/StarterContent/Audio/Explosion_Cue.uasset" 298
"../../../../../../Users/u1274838/Desktop/Line_Climber_Iter/Content/StarterContent/Textures/T_Burst_M.uasset" 299
"../../../../../../Users/u1274838/Desktop/Line_Climber_Iter/Content/StarterContent/Particles/Materials/M_Burst.uasset" 300
"../../../../../../Users/u1274838/Desktop/Line_Climber_Iter/Content/StarterContent/Textures/T_Explosion_SubUV.uasset" 301
"../../../../../../Users/u1274838/Desktop/Line_Climber_Iter/Content/StarterContent/Particles/Materials/M_explosion_subUV.uasset" 302
"../../../../../../Users/u1274838/Desktop/Line_Climber_Iter/Content/StarterContent/Particles/Materials/m_flare_01.uasset" 303
"../../../Engine/Content/Functions/Engine_MaterialFunctions01/Gradient/RadialGradient.uasset" 304
"../../../../../../Users/u1274838/Desktop/Line_Climber_Iter/Content/StarterContent/Particles/Materials/M_radial_ramp.uasset" 305
"../../../../../../Users/u1274838/Desktop/Line_Climber_Iter/Content/StarterContent/Textures/T_Smoke_SubUV.uasset" 306
"../../../../../../Users/u1274838/Desktop/Line_Climber_Iter/Content/StarterContent/Textures/T_Smoke_Tiled_D.uasset" 307
"../../../../../../Users/u1274838/Desktop/Line_Climber_Iter/Content/StarterContent/Particles/Materials/M_smoke_subUV.uasset" 308
"../../../../../../Users/u1274838/Desktop/Line_Climber_Iter/Content/StarterContent/Particles/P_Explosion.uasset" 309
"../../../../../../Users/u1274838/Desktop/Line_Climber_Iter/Content/StarterContent/Blueprints/Blueprint_Effect_Explosion.uasset" 310
"../../../Engine/Content/EditorMeshes/ColorCalibrator/T_ColorGrid.uasset" 311
"../../../../../../Users/u1274838/Desktop/Line_Climber_Iter/Content/StarterContent/Materials/M_ColorGrid_LowSpec.uasset" 312
"../../../../../../Users/u1274838/Desktop/Line_Climber_Iter/Content/StarterContent/Textures/T_Bush_D.uasset" 313
"../../../../../../Users/u1274838/Desktop/Line_Climber_Iter/Content/StarterContent/Textures/T_Bush_N.uasset" 314
"../../../../../../Users/u1274838/Desktop/Line_Climber_Iter/Content/StarterContent/Props/Materials/M_Bush.uasset" 315
"../../../../../../Users/u1274838/Desktop/Line_Climber_Iter/Content/StarterContent/Props/SM_Bush.uasset" 316
"../../../../../../Users/u1274838/Desktop/Line_Climber_Iter/Content/StarterContent/Textures/T_Chair_M.uasset" 317
"../../../../../../Users/u1274838/Desktop/Line_Climber_Iter/Content/StarterContent/Textures/T_Chair_N.uasset" 318
"../../../../../../Users/u1274838/Desktop/Line_Climber_Iter/Content/StarterContent/Props/Materials/M_Chair.uasset" 319
"../../../../../../Users/u1274838/Desktop/Line_Climber_Iter/Content/StarterContent/Props/SM_Couch.uasset" 320
"../../../../../../Users/u1274838/Desktop/Line_Climber_Iter/Content/StarterContent/Materials/M_Glass.uasset" 321
"../../../../../../Users/u1274838/Desktop/Line_Climber_Iter/Content/StarterContent/Textures/T_Door_M.uasset" 322
"../../../../../../Users/u1274838/Desktop/Line_Climber_Iter/Content/StarterContent/Textures/T_Door_N.uasset" 323
"../../../../../../Users/u1274838/Desktop/Line_Climber_Iter/Content/StarterContent/Props/Materials/M_Door.uasset" 324
"../../../../../../Users/u1274838/Desktop/Line_Climber_Iter/Content/StarterContent/Props/SM_Door.uasset" 325
"../../../../../../Users/u1274838/Desktop/Line_Climber_Iter/Content/StarterContent/Props/Materials/M_MaterialSphere.uasset" 326
"../../../../../../Users/u1274838/Desktop/Line_Climber_Iter/Content/StarterContent/Props/Materials/M_MaterialSphere_Plain.uasset" 327
"../../../../../../Users/u1274838/Desktop/Line_Climber_Iter/Content/StarterContent/Props/SM_MatPreviewMesh_02.uasset" 328
"../../../../../../Users/u1274838/Desktop/Line_Climber_Iter/Content/StarterContent/Textures/T_Detail_Rocky_N.uasset" 329
"../../../../../../Users/u1274838/Desktop/Line_Climber_Iter/Content/StarterContent/Textures/T_Rock_Basalt_D.uasset" 330
"../../../../../../Users/u1274838/Desktop/Line_Climber_Iter/Content/StarterContent/Textures/T_RockMesh_M.uasset" 331
"../../../../../../Users/u1274838/Desktop/Line_Climber_Iter/Content/StarterContent/Textures/T_RockMesh_N.uasset" 332
"../../../../../../Users/u1274838/Desktop/Line_Climber_Iter/Content/StarterContent/Props/Materials/M_Rock.uasset" 333
"../../../../../../Users/u1274838/Desktop/Line_Climber_Iter/Content/StarterContent/Props/SM_Rock.uasset" 334
"../../../../../../Users/u1274838/Desktop/Line_Climber_Iter/Content/StarterContent/Textures/T_Shelf_M.uasset" 335
"../../../../../../Users/u1274838/Desktop/Line_Climber_Iter/Content/StarterContent/Textures/T_Shelf_N.uasset" 336
"../../../../../../Users/u1274838/Desktop/Line_Climber_Iter/Content/StarterContent/Props/Materials/M_Shelf.uasset" 337
"../../../../../../Users/u1274838/Desktop/Line_Climber_Iter/Content/StarterContent/Props/SM_Shelf.uasset" 338
"../../../../../../Users/u1274838/Desktop/Line_Climber_Iter/Content/StarterContent/Materials/M_Basic_Floor.uasset" 339
"../../../../../../Users/u1274838/Desktop/Line_Climber_Iter/Content/StarterContent/Props/SM_Stairs.uasset" 340
"../../../../../../Users/u1274838/Desktop/Line_Climber_Iter/Content/StarterContent/Shapes/Shape_Cone.uasset" 341
"../../../../../../Users/u1274838/Desktop/Line_Climber_Iter/Content/StarterContent/Shapes/Shape_Cylinder.uasset" 342
"../../../../../../Users/u1274838/Desktop/Line_Climber_Iter/Content/StarterContent/Shapes/Shape_NarrowCapsule.uasset" 343
"../../../../../../Users/u1274838/Desktop/Line_Climber_Iter/Content/StarterContent/Shapes/Shape_Pipe.uasset" 344
"../../../../../../Users/u1274838/Desktop/Line_Climber_Iter/Content/StarterContent/Shapes/Shape_Pipe_180.uasset" 345
"../../../../../../Users/u1274838/Desktop/Line_Climber_Iter/Content/StarterContent/Shapes/Shape_Pipe_90.uasset" 346
"../../../../../../Users/u1274838/Desktop/Line_Climber_Iter/Content/StarterContent/Shapes/Shape_Plane.uasset" 347
"../../../../../../Users/u1274838/Desktop/Line_Climber_Iter/Content/StarterContent/Shapes/Shape_Torus.uasset" 348
"../../../../../../Users/u1274838/Desktop/Line_Climber_Iter/Content/StarterContent/Shapes/Shape_Trim.uasset" 349
"../../../../../../Users/u1274838/Desktop/Line_Climber_Iter/Content/StarterContent/Shapes/Shape_Trim_90_In.uasset" 350
"../../../../../../Users/u1274838/Desktop/Line_Climber_Iter/Content/StarterContent/Shapes/Shape_Trim_90_Out.uasset" 351
"../../../../../../Users/u1274838/Desktop/Line_Climber_Iter/Content/StarterContent/Shapes/Shape_TriPyramid.uasset" 352
"../../../../../../Users/u1274838/Desktop/Line_Climber_Iter/Content/StarterContent/Shapes/Shape_Tube.uasset" 353
"../../../../../../Users/u1274838/Desktop/Line_Climber_Iter/Content/StarterContent/Shapes/Shape_Wedge_A.uasset" 354
"../../../../../../Users/u1274838/Desktop/Line_Climber_Iter/Content/StarterContent/Shapes/Shape_Wedge_B.uasset" 355
"../../../../../../Users/u1274838/Desktop/Line_Climber_Iter/Content/StarterContent/Shapes/Shape_WideCapsule.uasset" 356
"../../../Engine/Content/Animation/DefaultAnimCurveCompressionSettings.uasset" 357
"../../../Engine/Content/EngineMaterials/T_Default_Material_Grid_M.uasset" 358
"../../../Engine/Content/EngineMaterials/T_Default_Material_Grid_N.uasset" 359
"../../../Engine/Content/EngineMaterials/WorldGridMaterial.uasset" 360
"../../../Engine/Content/ArtTools/RenderToTexture/Meshes/S_1_Unit_Plane.uasset" 361
"../../../Engine/Content/EditorLandscapeResources/DataLayer.uasset" 362
"../../../Engine/Content/EditorMaterials/GizmoMaterial.uasset" 363
"../../../Engine/Content/EditorMaterials/MAT_Groups_Toggle.uasset" 364
"../../../Engine/Content/EditorMaterials/MAT_Groups_Visibility.uasset" 365
"../../../Engine/Content/EditorMaterials/PreviewShadowIndicator.uasset" 366
"../../../Engine/Content/EditorMaterials/PreviewShadowIndicatorMaterial.uasset" 367
"../../../Engine/Content/EditorMaterials/MatineeGroups/MAT_ColorTrack.uasset" 368
"../../../Engine/Content/EditorMaterials/MatineeGroups/MAT_Groups_Anim.uasset" 369
"../../../Engine/Content/EditorMaterials/MatineeGroups/MAT_Groups_AudioMaster.uasset" 370
"../../../Engine/Content/EditorMaterials/MatineeGroups/MAT_Groups_Director.uasset" 371
"../../../Engine/Content/EditorMaterials/MatineeGroups/MAT_Groups_Event.uasset" 372
"../../../Engine/Content/EditorMaterials/MatineeGroups/MAT_Groups_Fade.uasset" 373
"../../../Engine/Content/EditorMaterials/MatineeGroups/MAT_Groups_Float.uasset" 374
"../../../Engine/Content/EditorMaterials/MatineeGroups/MAT_Groups_Move.uasset" 375
"../../../Engine/Content/EditorMaterials/MatineeGroups/MAT_Groups_Slomo.uasset" 376
"../../../Engine/Content/EditorMaterials/MatineeGroups/MAT_Groups_Sound.uasset" 377
"../../../Engine/Content/EditorMaterials/MatineeGroups/MAT_Groups_Vector.uasset" 378
"../../../Engine/Content/EditorMaterials/ParticleSystems/PSysThumbnail_NoImage.uasset" 379
"../../../Engine/Content/EditorMaterials/ParticleSystems/PSysThumbnail_OOD.uasset" 380
"../../../Engine/Content/EditorMaterials/Camera/CineMat.uasset" 381
"../../../Engine/Content/EditorMaterials/Camera/MI_CineMat_Rig.uasset" 382
"../../../Engine/Content/EditorMeshes/Camera/SM_CraneRig_Arm.uasset" 383
"../../../Engine/Content/EditorMeshes/Camera/SM_CraneRig_Base.uasset" 384
"../../../Engine/Content/EditorMeshes/Camera/SM_CraneRig_Body.uasset" 385
"../../../Engine/Content/EditorMeshes/Camera/SM_CraneRig_Mount.uasset" 386
"../../../Engine/Content/EditorMeshes/Camera/SM_RailRig_Mount.uasset" 387
"../../../Engine/Content/EditorMeshes/Camera/SM_RailRig_Track.uasset" 388
"../../../Engine/Content/EditorResources/BSPVertex.uasset" 389
"../../../Engine/Content/EditorResources/EmptyActor.uasset" 390
"../../../Engine/Content/EditorResources/S_Actor.uasset" 391
"../../../Engine/Content/EditorResources/S_Note.uasset" 392
"../../../Engine/Content/EditorResources/S_Solver.uasset" 393
"../../../Engine/Content/EditorResources/S_Trigger.uasset" 394
"../../../Engine/Content/EditorResources/AudioIcons/S_AudioComponent.uasset" 395
"../../../Engine/Content/EditorResources/AudioIcons/S_AudioComponent_AutoActivate.uasset" 396
"../../../Engine/Content/EditorResources/LightIcons/S_LightError.uasset" 397
"../../../Engine/Content/EditorResources/SequenceRecorder/Countdown.uasset" 398
"../../../Engine/Content/EditorResources/SequenceRecorder/RecordingIndicator.uasset" 399
"../../../Engine/Content/EditorSounds/Notifications/CompileFailed.uasset" 400
"../../../Engine/Content/EditorSounds/Notifications/CompileFailed_Cue.uasset" 401
"../../../Engine/Content/EditorSounds/Notifications/CompileSuccess.uasset" 402
"../../../Engine/Content/EditorSounds/Notifications/CompileStart_Cue.uasset" 403
"../../../Engine/Content/EditorSounds/Notifications/CompileSuccess_Cue.uasset" 404
"../../../Engine/Content/EngineDamageTypes/DmgTypeBP_Environmental.uasset" 405
"../../../Engine/Content/EngineDebugMaterials/HeatmapGradient.uasset" 406
"../../../Engine/Content/EngineDebugMaterials/BoneWeightMaterial.uasset" 407
"../../../Engine/Content/EngineDebugMaterials/ClothMaterial.uasset" 408
"../../../Engine/Content/EngineDebugMaterials/ClothMaterial_WF.uasset" 409
"../../../Engine/Content/EngineDebugMaterials/DebugEditorMaterial.uasset" 410
"../../../Engine/Content/EngineDebugMaterials/DebugMeshMaterial.uasset" 411
"../../../Engine/Content/EngineDebugMaterials/GeomMaterial.uasset" 412
"../../../Engine/Content/EngineDebugMaterials/M_SimpleTranslucent.uasset" 413
"../../../Engine/Content/Functions/Engine_MaterialFunctions02/Utility/CameraDirectionVector.uasset" 414
"../../../Engine/Content/EngineDebugMaterials/VolumeToRender.uasset" 415
"../../../Engine/Content/EngineDebugMaterials/M_VolumeRenderSphereTracePP.uasset" 416
"../../../Engine/Content/EngineDebugMaterials/WireframeMaterial.uasset" 417
"../../../Engine/Content/EngineFonts/Faces/RobotoBold.uasset" 418
"../../../Engine/Content/EngineFonts/Faces/RobotoBoldItalic.uasset" 419
"../../../Engine/Content/EngineFonts/Faces/RobotoItalic.uasset" 420
"../../../Engine/Content/EngineFonts/Faces/RobotoLight.uasset" 421
"../../../Engine/Content/EngineFonts/Faces/RobotoRegular.uasset" 422
"../../../Engine/Content/EngineFonts/Roboto.uasset" 423
"../../../Engine/Content/EngineMaterials/BaseFlattenMaterial.uasset" 424
"../../../Engine/Content/EngineMaterials/BlueNoise.uasset" 425
"../../../Engine/Content/EngineMaterials/DefaultBloomKernel.uasset" 426
"../../../Engine/Content/EngineMaterials/DefaultBokeh.uasset" 427
"../../../Engine/Content/EngineMaterials/DefaultDiffuse.uasset" 428
"../../../Engine/Content/EngineMaterials/DefaultDeferredDecalMaterial.uasset" 429
"../../../Engine/Content/EngineMaterials/DefaultLightFunctionMaterial.uasset" 430
"../../../Engine/Content/EngineMaterials/DefaultPostProcessMaterial.uasset" 431
"../../../Engine/Content/EngineFonts/RobotoDistanceField.uasset" 432
"../../../Engine/Content/EngineMaterials/DefaultTextMaterialOpaque.uasset" 433
"../../../Engine/Content/EngineMaterials/DefaultVirtualTextureMaterial.uasset" 434
"../../../Engine/Content/EngineMaterials/DefaultWhiteGrid.uasset" 435
"../../../Engine/Content/EngineMaterials/EditorBrushMaterial.uasset" 436
"../../../Engine/Content/EngineMaterials/DefaultWhiteGrid_Low.uasset" 437
"../../../Engine/Content/EngineMaterials/EmissiveMeshMaterial.uasset" 438
"../../../Engine/Content/EngineMaterials/Good64x64TilingNoiseHighFreq.uasset" 439
"../../../Engine/Content/EngineMaterials/MiniFont.uasset" 440
"../../../Engine/Content/EngineMaterials/InvalidLightmapSettings.uasset" 441
"../../../Engine/Content/EngineMaterials/M_InvalidLightmapSettings.uasset" 442
"../../../Engine/Content/Functions/Engine_MaterialFunctions02/WorldPositionOffset/CameraOffset.uasset" 443
"../../../Engine/Content/EngineMaterials/PhAT_JointLimitMaterial.uasset" 444
"../../../Engine/Content/EngineMaterials/PreintegratedSkinBRDF.uasset" 445
"../../../Engine/Content/EngineMaterials/RemoveSurfaceMaterial.uasset" 446
"../../../Engine/Content/EngineMaterials/WeightMapPlaceholderTexture.uasset" 447
"../../../Engine/Content/EngineResources/WhiteSquareTexture.uasset" 448
"../../../Engine/Content/EngineMaterials/Widget3DPassThrough.uasset" 449
"../../../Engine/Content/EngineMaterials/Widget3DPassThrough_Masked.uasset" 450
"../../../Engine/Content/EngineMaterials/Widget3DPassThrough_Opaque.uasset" 451
"../../../Engine/Content/EngineMaterials/Widget3DPassThrough_Masked_OneSided.uasset" 452
"../../../Engine/Content/EngineMaterials/Widget3DPassThrough_Opaque_OneSided.uasset" 453
"../../../Engine/Content/EngineMaterials/Widget3DPassThrough_Translucent.uasset" 454
"../../../Engine/Content/EngineMaterials/Widget3DPassThrough_Translucent_OneSided.uasset" 455
"../../../Engine/Content/EngineMaterials/DefaultMaterial.uasset" 456
"../../../Engine/Content/EngineMeshes/Cylinder.uasset" 457
"../../../Engine/Content/EngineMeshes/Sphere.uasset" 458
"../../../Engine/Content/EngineResources/Black.uasset" 459
"../../../Engine/Content/EngineResources/DefaultTexture.uasset" 460
"../../../Engine/Content/EngineResources/DefaultTextureCube.uasset" 461
"../../../Engine/Content/EngineResources/DefaultVolumeTexture2D.uasset" 462
"../../../Engine/Content/EngineResources/DefaultVolumeTexture.uasset" 463
"../../../Engine/Content/EngineResources/GradientTexture0.uasset" 464
"../../../Engine/Content/EngineSounds/Master.uasset" 465
"../../../Engine/Content/Functions/Engine_MaterialFunctions01/Shading/ConvertFromDiffSpec.uasset" 466
"../../../Engine/Content/Functions/Engine_MaterialFunctions01/Shading/PowerToRoughness.uasset" 467
"../../../Engine/Content/Maps/Templates/Thumbnails/Default.uasset" 468
"../../../Engine/Content/Maps/Templates/Thumbnails/VR-Basic.uasset" 469
"../../../Engine/Content/MobileResources/T_MobileControls_texture.uasset" 470
"../../../Engine/Content/MobileResources/T_MobileMenu2.uasset" 471
"../../../Engine/Content/MobileResources/HUD/AnalogHat.uasset" 472
"../../../Engine/Content/MobileResources/HUD/VirtualJoystick_Background.uasset" 473
"../../../Engine/Content/MobileResources/HUD/VirtualJoystick_Thumb.uasset" 474
"../../../Engine/Content/MobileResources/HUD/DefaultVirtualJoysticks.uasset" 475
"../../../Engine/Content/MobileResources/HUD/LeftVirtualJoystickOnly.uasset" 476
"../../../Engine/Content/MobileResources/HUD/MobileHUDButton1_off.uasset" 477
"../../../Engine/Content/MobileResources/HUD/MobileHUDButton1_on.uasset" 478
"../../../Engine/Content/MobileResources/HUD/MobileHUDButton2_off.uasset" 479
"../../../Engine/Content/MobileResources/HUD/MobileHUDButton2_on.uasset" 480
"../../../Engine/Content/MobileResources/HUD/MobileHUDButton3.uasset" 481
"../../../Engine/Content/MobileResources/HUD/MobileHUDButtonFire.uasset" 482
"../../../Engine/Content/MobileResources/HUD/MobileHUDDirectionPad.uasset" 483
"../../../Engine/Content/MobileResources/HUD/MobileHUDDirectionPad2.uasset" 484
"../../../Engine/Content/MobileResources/HUD/MobileHUDDirectionPad3.uasset" 485
"../../../Engine/Content/MobileResources/HUD/MobileHUDDirectionStick.uasset" 486
"../../../Engine/Content/MobileResources/HUD/T_Castle_ThumbstickInner.uasset" 487
"../../../Engine/Content/MobileResources/HUD/T_Castle_ThumbstickOutter.uasset" 488
"../../../Engine/Content/Tutorial/ContentIntroCurve.uasset" 489
"../../../Engine/Content/Tutorial/Basics/LevelEditorAttract.uasset" 490
"../../../Engine/Content/Tutorial/Basics/TutorialAssets/icon_tab_Levels_40x.uasset" 491
"../../../Engine/Content/Tutorial/Basics/LevelEditorOverview.uasset" 492
"../../../Engine/Content/Tutorial/BlueprintTutorials/TutorialAssets/Blueprint_64x.uasset" 493
"../../../Engine/Content/Tutorial/BlueprintTutorials/BlueprintEditorTutorial.uasset" 494
"../../../Engine/Content/VREditor/LaserPointer/VR_LaserPower_01.uasset" 495
"../../../Engine/Content/VREditor/TransformGizmo/TransformGizmoMaterial.uasset" 496
"../../../Engine/Content/VREditor/TransformGizmo/TranslucentTransformGizmoMaterial.uasset" 497
"../../../Engine/Content/VREditor/TransformGizmo/BoundingBoxCorner.uasset" 498
"../../../Engine/Content/VREditor/TransformGizmo/BoundingBoxEdge.uasset" 499
"../../../Engine/Content/VREditor/TransformGizmo/PlaneTranslationHandle.uasset" 500
"../../../Engine/Content/VREditor/TransformGizmo/Main.uasset" 501
"../../../Engine/Content/VREditor/TransformGizmo/Xray.uasset" 502
"../../../Engine/Content/VREditor/TransformGizmo/SM_Sequencer_Key.uasset" 503
"../../../Engine/Content/VREditor/TransformGizmo/SM_Sequencer_Node.uasset" 504
"../../Plugins/2D/Paper2D/Content/PlaceholderTextures/DummySpriteTexture.uasset" 505
"../../Plugins/2D/Paper2D/Content/DummySprite.uasset" 506
"../../Plugins/2D/Paper2D/Content/DefaultPaperTerrainMaterial.uasset" 507
"../../Plugins/2D/Paper2D/Content/DummySpriteTexture.uasset" 508
"../../Plugins/2D/Paper2D/Content/DefaultSpriteMaterial.uasset" 509
"../../Plugins/2D/Paper2D/Content/MaskedUnlitSpriteMaterial.uasset" 510
"../../Plugins/2D/Paper2D/Content/OpaqueUnlitSpriteMaterial.uasset" 511
"../../Plugins/Runtime/Oculus/OculusVR/Content/OculusMR_RenderTarget.uasset" 512
"../../../Engine/Content/Functions/Engine_MaterialFunctions02/Utility/BreakOutFloat4Components.uasset" 513
"../../../Engine/Content/Functions/Engine_MaterialFunctions02/Utility/MakeFloat2.uasset" 514
"../../Plugins/Runtime/Oculus/OculusVR/Content/Materials/OculusMR_ChromaKey.uasset" 515
"../../Plugins/Runtime/Oculus/OculusVR/Content/Materials/OculusMR_ChromaKey_Lit.uasset" 516
"../../Plugins/Runtime/Oculus/OculusVR/Content/Materials/OculusMR_OpaqueColoredMaterial.uasset" 517
"../../Plugins/Runtime/Oculus/OculusVR/Content/Materials/OculusMR_WhiteMaterial.uasset" 518
"../../../../../../Users/u1274838/Desktop/Line_Climber_Iter/Content/Character/BirdCharacter_Skeleton.uasset" 519
"../../../../../../Users/u1274838/Desktop/Line_Climber_Iter/Content/Animation/Idle.uasset" 520
"../../../../../../Users/u1274838/Desktop/Line_Climber_Iter/Content/Animation/Jumping.uasset" 521
"../../../../../../Users/u1274838/Desktop/Line_Climber_Iter/Content/Animation/JumpingToAim.uasset" 522
"../../../../../../Users/u1274838/Desktop/Line_Climber_Iter/Content/Animation/Running.uasset" 523
"../../../../../../Users/u1274838/Desktop/Line_Climber_Iter/Content/Animation/BirdAnimBP.uasset" 524
"../../../../../../Users/u1274838/Desktop/Line_Climber_Iter/Content/AudioFX/Jump_Sound.uasset" 525
"../../../Engine/Content/Functions/Engine_MaterialFunctions03/Blends/Blend_Darken.uasset" 526
"../../../../../../Users/u1274838/Desktop/Line_Climber_Iter/Content/Character/Character2-3-Torso.uasset" 527
"../../../../../../Users/u1274838/Desktop/Line_Climber_Iter/Content/Character/palette1.uasset" 528
"../../../../../../Users/u1274838/Desktop/Line_Climber_Iter/Content/Character/Character2-4-Legs.uasset" 529
"../../../../../../Users/u1274838/Desktop/Line_Climber_Iter/Content/Character/palette1_ncl1_1.uasset" 530
"../../../../../../Users/u1274838/Desktop/Line_Climber_Iter/Content/Character/Character2-5-Feet.uasset" 531
"../../../../../../Users/u1274838/Desktop/Line_Climber_Iter/Content/Character/palette1_ncl1_2.uasset" 532
"../../../../../../Users/u1274838/Desktop/Line_Climber_Iter/Content/Character/Character2-1-Arms.uasset" 533
"../../../../../../Users/u1274838/Desktop/Line_Climber_Iter/Content/Character/palette1_ncl1_3.uasset" 534
"../../../../../../Users/u1274838/Desktop/Line_Climber_Iter/Content/Character/Character2-2-Head.uasset" 535
"../../../../../../Users/u1274838/Desktop/Line_Climber_Iter/Content/Character/palette1_ncl1_4.uasset" 536
"../../../../../../Users/u1274838/Desktop/Line_Climber_Iter/Content/Character/Character2-0-Feather.uasset" 537
"../../../../../../Users/u1274838/Desktop/Line_Climber_Iter/Content/Character/palette1_ncl1_5.uasset" 538
"../../../../../../Users/u1274838/Desktop/Line_Climber_Iter/Content/Character/BirdCharacter_PhysicsAsset.uasset" 539
"../../../../../../Users/u1274838/Desktop/Line_Climber_Iter/Content/Character/BirdCharacter.uasset" 540
"../../../../../../Users/u1274838/Desktop/Line_Climber_Iter/Content/Models/Dash_UI.uasset" 541
"../../../../../../Users/u1274838/Desktop/Line_Climber_Iter/Content/ParticleEffects/Materials/Dash.uasset" 542
"../../../../../../Users/u1274838/Desktop/Line_Climber_Iter/Content/ParticleEffects/CharacterDash.uasset" 543
"../../../../../../Users/u1274838/Desktop/Line_Climber_Iter/Content/Casey/SideScrollerCharacter_NoCam.uasset" 544
"../../../../../../Users/u1274838/Desktop/Line_Climber_Iter/Content/AudioFX/FeatherGrab.uasset" 545
"../../../../../../Users/u1274838/Desktop/Line_Climber_Iter/Content/Meshes/SM_Pillar.uasset" 546
"../../../../../../Users/u1274838/Desktop/Line_Climber_Iter/Content/Materials/Shiny_Palette.uasset" 547
"../../../../../../Users/u1274838/Desktop/Line_Climber_Iter/Content/Models/Feather.uasset" 548
"../../../../../../Users/u1274838/Desktop/Line_Climber_Iter/Content/MainLevel/AreaBlueprintStuff/AreaBase.uasset" 549
"../../../../../../Users/u1274838/Desktop/Line_Climber_Iter/Content/Models/Brick.uasset" 550
"../../../../../../Users/u1274838/Desktop/Line_Climber_Iter/Content/MainLevel/AreaBlueprintStuff/Area1.uasset" 551
"../../../../../../Users/u1274838/Desktop/Line_Climber_Iter/Content/MainLevel/AreaBlueprintStuff/Area2.uasset" 552
"../../../../../../Users/u1274838/Desktop/Line_Climber_Iter/Content/MainLevel/AreaBlueprintStuff/Area3.uasset" 553
"../../../../../../Users/u1274838/Desktop/Line_Climber_Iter/Content/MainLevel/AreaBlueprintStuff/Area4.uasset" 554
"../../../../../../Users/u1274838/Desktop/Line_Climber_Iter/Content/MainLevel/AreaBlueprintStuff/Area5.uasset" 555
"../../../../../../Users/u1274838/Desktop/Line_Climber_Iter/Content/MainLevel/AreaBlueprintStuff/Area6.uasset" 556
"../../../../../../Users/u1274838/Desktop/Line_Climber_Iter/Content/MainLevel/AreaBlueprintStuff/Area7.uasset" 557
"../../../../../../Users/u1274838/Desktop/Line_Climber_Iter/Content/MainLevel/AreaBlueprintStuff/Area8.uasset" 558
"../../../../../../Users/u1274838/Desktop/Line_Climber_Iter/Content/Models/GrassClump_Mesh.uasset" 559
"../../../../../../Users/u1274838/Desktop/Line_Climber_Iter/Content/MainLevel/AreaBlueprintStuff/FakeRuins.uasset" 560
"../../../../../../Users/u1274838/Desktop/Line_Climber_Iter/Content/Casey/LineClimber_GameMode.uasset" 561
"../../../../../../Users/u1274838/Desktop/Line_Climber_Iter/Content/Geometry/Meshes/1M_Cube.uasset" 562
"../../../../../../Users/u1274838/Desktop/Line_Climber_Iter/Content/Casey/TestBlock.uasset" 563
"../../../../../../Users/u1274838/Desktop/Line_Climber_Iter/Content/Casey/Level_UI.uasset" 564
"../../../Engine/Content/BasicShapes/BasicShapeMaterial.uasset" 565
"../../../Engine/Content/BasicShapes/Cube.uasset" 566
"../../../Engine/Content/EngineMaterials/DefaultPhysicalMaterial.uasset" 567
"../../../../../../Users/u1274838/Desktop/Line_Climber_Iter/Content/Materials/Mountains_1.uasset" 568
"../../../../../../Users/u1274838/Desktop/Line_Climber_Iter/Content/Models/UI_Rect.uasset" 569
"../../../../../../Users/u1274838/Desktop/Line_Climber_Iter/Content/Casey/Casey_Test.umap" 570
"../../../Engine/Content/EngineSky/C_Sky_Cloud_Color.uasset" 571
"../../../Engine/Content/EngineSky/C_Sky_Horizon_Color.uasset" 572
"../../../Engine/Content/EngineSky/C_Sky_Zenith_Color.uasset" 573
"../../../Engine/Content/EngineSky/T_Sky_Blue.uasset" 574
"../../../Engine/Content/EngineSky/T_Sky_Clouds_M.uasset" 575
"../../../Engine/Content/EngineSky/T_Sky_Stars.uasset" 576
"../../../Engine/Content/EngineSky/M_Sky_Panning_Clouds2.uasset" 577
"../../../Engine/Content/EngineSky/SM_SkySphere.uasset" 578
"../../../Engine/Content/EngineSky/BP_Sky_Sphere.uasset" 579
"../../../../../../Users/u1274838/Desktop/Line_Climber_Iter/Content/Deep/NormalWall.uasset" 580
"../../../../../../Users/u1274838/Desktop/Line_Climber_Iter/Content/Deep/NormalWall_2.uasset" 581
"../../../../../../Users/u1274838/Desktop/Line_Climber_Iter/Content/StarterContent/Textures/T_Ground_Grass_D.uasset" 582
"../../../../../../Users/u1274838/Desktop/Line_Climber_Iter/Content/StarterContent/Textures/T_Ground_Grass_N.uasset" 583
"../../../../../../Users/u1274838/Desktop/Line_Climber_Iter/Content/StarterContent/Textures/T_Perlin_Noise_M.uasset" 584
"../../../../../../Users/u1274838/Desktop/Line_Climber_Iter/Content/StarterContent/Materials/M_Ground_Grass.uasset" 585
"../../../../../../Users/u1274838/Desktop/Line_Climber_Iter/Content/Deep/NormalWall_3.uasset" 586
"../../../../../../Users/u1274838/Desktop/Line_Climber_Iter/Content/SideScrollerBP/Blueprints/SideScrollerGameMode.uasset" 587
"../../../../../../Users/u1274838/Desktop/Line_Climber_Iter/Content/SideScrollerBP/Maps/SideScrollerExampleMap_BuiltData.uasset" 588
"../../../Engine/Content/Functions/Engine_MaterialFunctions03/Procedurals/ComputeFilterWidth.uasset" 589
"../../../Engine/Content/EngineMaterials/AntiAliasedTextMaterialTranslucent.uasset" 590
"../../../../../../Users/u1274838/Desktop/Line_Climber_Iter/Content/Geometry/Meshes/TemplateFloor.uasset" 591
"../../../../../../Users/u1274838/Desktop/Line_Climber_Iter/Content/Dan/Maps/SideScrollerExampleMap.umap" 592
"../../../../../../Users/u1274838/Desktop/Line_Climber_Iter/Content/StarterContent/Textures/T_Tech_Hex_Tile_M.uasset" 593
"../../../../../../Users/u1274838/Desktop/Line_Climber_Iter/Content/StarterContent/Textures/T_Tech_Hex_Tile_N.uasset" 594
"../../../../../../Users/u1274838/Desktop/Line_Climber_Iter/Content/StarterContent/Materials/M_Tech_Hex_Tile_Pulse.uasset" 595
"../../../../../../Users/u1274838/Desktop/Line_Climber_Iter/Content/Deep/Blocks.uasset" 596
"../../../../../../Users/u1274838/Desktop/Line_Climber_Iter/Content/Deep/DeepMap.umap" 597
"../../../../../../Users/u1274838/Desktop/Line_Climber_Iter/Content/Deep/ProcGen.umap" 598
"../../../../../../Users/u1274838/Desktop/Line_Climber_Iter/Content/Materials/Yellow_Mat.uasset" 599
"../../../../../../Users/u1274838/Desktop/Line_Climber_Iter/Content/Models/Block_Yellow.uasset" 600
"../../../../../../Users/u1274838/Desktop/Line_Climber_Iter/Content/Blueprints/O.uasset" 601
"../../../../../../Users/u1274838/Desktop/Line_Climber_Iter/Content/Don/BlockMoveTesting.uasset" 602
"../../../Engine/Content/BasicShapes/Plane.uasset" 603
"../../../../../../Users/u1274838/Desktop/Line_Climber_Iter/Content/Don/BlockMovementTesting.umap" 604
"../../../../../../Users/u1274838/Desktop/Line_Climber_Iter/Content/Don/BlockType.uasset" 605
"../../../../../../Users/u1274838/Desktop/Line_Climber_Iter/Content/Don/DonMain.umap" 606
"../../../Engine/Content/BasicShapes/Cone.uasset" 607
"../../../Engine/Content/BasicShapes/Cylinder.uasset" 608
"../../../Engine/Content/BasicShapes/Sphere.uasset" 609
"../../../../../../Users/u1274838/Desktop/Line_Climber_Iter/Content/Don/Empty.umap" 610
"../../../../../../Users/u1274838/Desktop/Line_Climber_Iter/Content/Don/PlayerDash.umap" 611
"../../../../../../Users/u1274838/Desktop/Line_Climber_Iter/Content/Jackson/Blox2_Font_DistanceField.uasset" 612
"../../../../../../Users/u1274838/Desktop/Line_Climber_Iter/Content/Jackson/BloxTextMaterial.uasset" 613
"../../../../../../Users/u1274838/Desktop/Line_Climber_Iter/Content/Jackson/JacksonTest.umap" 614
"../../../../../../Users/u1274838/Desktop/Line_Climber_Iter/Content/LineClimberInstance.uasset" 615
"../../../../../../Users/u1274838/Desktop/Line_Climber_Iter/Content/Jackson/BULKYPIX.uasset" 616
"../../../../../../Users/u1274838/Desktop/Line_Climber_Iter/Content/Jackson/BULKYPIX_Font.uasset" 617
"../../../../../../Users/u1274838/Desktop/Line_Climber_Iter/Content/Jackson/Jackson_UI_Test.uasset" 618
"../../../../../../Users/u1274838/Desktop/Line_Climber_Iter/Content/Models/BG_Mountain1.uasset" 619
"../../../../../../Users/u1274838/Desktop/Line_Climber_Iter/Content/Materials/Mountains_2.uasset" 620
"../../../../../../Users/u1274838/Desktop/Line_Climber_Iter/Content/Models/BG_Mountain2.uasset" 621
"../../../../../../Users/u1274838/Desktop/Line_Climber_Iter/Content/Materials/Mountains_3.uasset" 622
"../../../../../../Users/u1274838/Desktop/Line_Climber_Iter/Content/Models/BG_Mountain3.uasset" 623
"../../../../../../Users/u1274838/Desktop/Line_Climber_Iter/Content/Models/Cloud_Mesh.uasset" 624
"../../../../../../Users/u1274838/Desktop/Line_Climber_Iter/Content/Models/Dirt_Mesh.uasset" 625
"../../../../../../Users/u1274838/Desktop/Line_Climber_Iter/Content/Models/Grass_Mesh.uasset" 626
"../../../../../../Users/u1274838/Desktop/Line_Climber_Iter/Content/Models/UI_Square.uasset" 627
"../../../../../../Users/u1274838/Desktop/Line_Climber_Iter/Content/Jackson/MainLevel_SetDress_UI.umap" 628
"../../../../../../Users/u1274838/Desktop/Line_Climber_Iter/Content/Models/Cloud_Cluster.uasset" 629
"../../../../../../Users/u1274838/Desktop/Line_Climber_Iter/Content/Models/GrassMound.uasset" 630
"../../../../../../Users/u1274838/Desktop/Line_Climber_Iter/Content/Materials/VoxTrisCharAlt.uasset" 631
"../../../../../../Users/u1274838/Desktop/Line_Climber_Iter/Content/Materials/Character_Mat_2.uasset" 632
"../../../../../../Users/u1274838/Desktop/Line_Climber_Iter/Content/Materials/VoxTrisCharAlt2.uasset" 633
"../../../../../../Users/u1274838/Desktop/Line_Climber_Iter/Content/Materials/Character_Mat_3.uasset" 634
"../../../../../../Users/u1274838/Desktop/Line_Climber_Iter/Content/Materials/VoxTrisCharTweak.uasset" 635
"../../../../../../Users/u1274838/Desktop/Line_Climber_Iter/Content/Materials/Character_Mat_4.uasset" 636
"../../../../../../Users/u1274838/Desktop/Line_Climber_Iter/Content/Imported_Voxel_Assets/Character_ForRig.uasset" 637
"../../../../../../Users/u1274838/Desktop/Line_Climber_Iter/Content/Models/Character_TPose_Static.uasset" 638
"../../../../../../Users/u1274838/Desktop/Line_Climber_Iter/Content/Materials/Sun.uasset" 639
"../../../../../../Users/u1274838/Desktop/Line_Climber_Iter/Content/Models/Sun_Mesh.uasset" 640
"../../../../../../Users/u1274838/Desktop/Line_Climber_Iter/Content/Jackson/Set_Dress_PITCH.umap" 641
"../../../../../../Users/u1274838/Desktop/Line_Climber_Iter/Content/Blueprints/BaseBlockClass.uasset" 642
"../../../../../../Users/u1274838/Desktop/Line_Climber_Iter/Content/Blueprints/BlockI.uasset" 643
"../../../../../../Users/u1274838/Desktop/Line_Climber_Iter/Content/Blueprints/BlockO.uasset" 644
"../../../../../../Users/u1274838/Desktop/Line_Climber_Iter/Content/MainLevel/MainLevel.umap" 645
"../../../../../../Users/u1274838/Desktop/Line_Climber_Iter/Content/BP_FeatherOBJ.uasset" 646
"../../../../../../Users/u1274838/Desktop/Line_Climber_Iter/Content/MainLevel/MainLevelDeep.umap" 647
"../../../../../../Users/u1274838/Desktop/Line_Climber_Iter/Content/Geometry/Meshes/1M_Cube_DM.uasset" 648
"../../../../../../Users/u1274838/Desktop/Line_Climber_Iter/Content/M_Highscore.uasset" 649
"../../../../../../Users/u1274838/Desktop/Line_Climber_Iter/Content/AudioFX/NewHighscore.uasset" 650
"../../../../../../Users/u1274838/Desktop/Line_Climber_Iter/Content/Don/HighScoreBar.uasset" 651
"../../../../../../Users/u1274838/Desktop/Line_Climber_Iter/Content/MainLevel/MainLevelTestProcGen_BuiltData.uasset" 652
"../../../../../../Users/u1274838/Desktop/Line_Climber_Iter/Content/AdvancedCelShader/MobileCelShader/Presets/CelShaderMobileAnime.uasset" 653
"../../../../../../Users/u1274838/Desktop/Line_Climber_Iter/Content/AudioFX/BGM.uasset" 654
"../../../../../../Users/u1274838/Desktop/Line_Climber_Iter/Content/AudioFX/BGM_Cue.uasset" 655
"../../../../../../Users/u1274838/Desktop/Line_Climber_Iter/Content/Casey/LoadinScreen.uasset" 656
"../../../../../../Users/u1274838/Desktop/Line_Climber_Iter/Content/Casey/BullshitLoadingScreen.uasset" 657
"../../../../../../Users/u1274838/Desktop/Line_Climber_Iter/Content/MainLevel/MainLevelTestProcGen.umap" 658
"../../../../../../Users/u1274838/Desktop/Line_Climber_Iter/Content/MainLevel/MainLevel_GridMovement.umap" 659
"../../../../../../Users/u1274838/Desktop/Line_Climber_Iter/Content/AudioFX/MenuBGSFX.uasset" 660
"../../../../../../Users/u1274838/Desktop/Line_Climber_Iter/Content/Materials/Control_Scheme2.uasset" 661
"../../../../../../Users/u1274838/Desktop/Line_Climber_Iter/Content/Materials/cooltext342556708018968.uasset" 662
"../../../../../../Users/u1274838/Desktop/Line_Climber_Iter/Content/Materials/NewMenu.uasset" 663
"../../../../../../Users/u1274838/Desktop/Line_Climber_Iter/Content/MainLevel/StartScreenUI.uasset" 664
"../../../../../../Users/u1274838/Desktop/Line_Climber_Iter/Content/MainLevel/StartScreen.umap" 665
"../../../../../../Users/u1274838/Desktop/Line_Climber_Iter/Content/SideScrollerBP/Maps/SideScrollerExampleMap.umap" 666
"../../../../../../Users/u1274838/Desktop/Line_Climber_Iter/Content/StarterContent/Blueprints/Assets/FogBrightnessLUT.uasset" 667
"../../../../../../Users/u1274838/Desktop/Line_Climber_Iter/Content/StarterContent/Blueprints/Assets/SunlightColorLUT.uasset" 668
"../../../../../../Users/u1274838/Desktop/Line_Climber_Iter/Content/StarterContent/Blueprints/Assets/M_LightStage_Arrows.uasset" 669
"../../../Engine/Content/MapTemplates/Sky/DaylightAmbientCubemap.uasset" 670
"../../../../../../Users/u1274838/Desktop/Line_Climber_Iter/Content/StarterContent/Blueprints/Assets/M_LightStage_Skybox_Master.uasset" 671
"../../../../../../Users/u1274838/Desktop/Line_Climber_Iter/Content/StarterContent/Blueprints/Assets/M_LightStage_Skybox_Black.uasset" 672
"../../../../../../Users/u1274838/Desktop/Line_Climber_Iter/Content/StarterContent/Blueprints/Assets/M_LightStage_Skybox_HDRI.uasset" 673
"../../../Engine/Content/EditorMaterials/Thumbnails/SkySphereMaterial.uasset" 674
"../../../../../../Users/u1274838/Desktop/Line_Climber_Iter/Content/StarterContent/Blueprints/Assets/Skybox.uasset" 675
"../../../../../../Users/u1274838/Desktop/Line_Climber_Iter/Content/StarterContent/Blueprints/Assets/SM_Arrows.uasset" 676
"../../../../../../Users/u1274838/Desktop/Line_Climber_Iter/Content/StarterContent/HDRI/HDRI_Epic_Courtyard_Daylight.uasset" 677
"../../../../../../Users/u1274838/Desktop/Line_Climber_Iter/Content/StarterContent/Blueprints/BP_LightStudio.uasset" 678
"../../../../../../Users/u1274838/Desktop/Line_Climber_Iter/Content/StarterContent/Maps/Advanced_Lighting_BuiltData.uasset" 679
"../../../../../../Users/u1274838/Desktop/Line_Climber_Iter/Content/StarterContent/Materials/M_AssetPlatform.uasset" 680
"../../../Engine/Content/EditorMeshes/ColorCalibrator/M_ChromeBall.uasset" 681
"../../../Engine/Content/EditorMeshes/ColorCalibrator/M_ClearCoat.uasset" 682
"../../../Engine/Content/EditorMeshes/ColorCalibrator/M_ClearCoatBlack.uasset" 683
"../../../Engine/Content/EditorMeshes/ColorCalibrator/Color_checker.uasset" 684
"../../../Engine/Content/EditorMeshes/ColorCalibrator/M_ColorGrid.uasset" 685
"../../../Engine/Content/EditorMeshes/ColorCalibrator/M_GreyBall.uasset" 686
"../../../Engine/Content/EditorMeshes/ColorCalibrator/SM_ColorCalibrator.uasset" 687
"../../../../../../Users/u1274838/Desktop/Line_Climber_Iter/Content/StarterContent/Architecture/SM_AssetPlatform.uasset" 688
"../../../../../../Users/u1274838/Desktop/Line_Climber_Iter/Content/StarterContent/Maps/Advanced_Lighting.umap" 689
"../../../../../../Users/u1274838/Desktop/Line_Climber_Iter/Content/StarterContent/Maps/Minimal_Default_BuiltData.uasset" 690
"../../../../../../Users/u1274838/Desktop/Line_Climber_Iter/Content/StarterContent/Materials/M_Metal_Brushed_Nickel.uasset" 691
"../../../../../../Users/u1274838/Desktop/Line_Climber_Iter/Content/StarterContent/Textures/T_Metal_Aluminum_D.uasset" 692
"../../../../../../Users/u1274838/Desktop/Line_Climber_Iter/Content/StarterContent/Textures/T_Metal_Gold_N.uasset" 693
"../../../../../../Users/u1274838/Desktop/Line_Climber_Iter/Content/StarterContent/Materials/M_Metal_Burnished_Steel.uasset" 694
"../../../../../../Users/u1274838/Desktop/Line_Climber_Iter/Content/StarterContent/Textures/T_Metal_Copper_D.uasset" 695
"../../../../../../Users/u1274838/Desktop/Line_Climber_Iter/Content/StarterContent/Materials/M_Metal_Copper.uasset" 696
"../../../../../../Users/u1274838/Desktop/Line_Climber_Iter/Content/StarterContent/Textures/T_Statue_M.uasset" 697
"../../../../../../Users/u1274838/Desktop/Line_Climber_Iter/Content/StarterContent/Textures/T_Statue_N.uasset" 698
"../../../../../../Users/u1274838/Desktop/Line_Climber_Iter/Content/StarterContent/Props/Materials/M_StatueGlass.uasset" 699
"../../../../../../Users/u1274838/Desktop/Line_Climber_Iter/Content/StarterContent/Architecture/Floor_400x400.uasset" 700
"../../../../../../Users/u1274838/Desktop/Line_Climber_Iter/Content/StarterContent/Audio/Starter_Background_Cue.uasset" 701
"../../../../../../Users/u1274838/Desktop/Line_Climber_Iter/Content/StarterContent/Props/SM_Chair.uasset" 702
"../../../../../../Users/u1274838/Desktop/Line_Climber_Iter/Content/StarterContent/Props/Materials/M_Statue.uasset" 703
"../../../../../../Users/u1274838/Desktop/Line_Climber_Iter/Content/StarterContent/Props/SM_Statue.uasset" 704
"../../../../../../Users/u1274838/Desktop/Line_Climber_Iter/Content/StarterContent/Textures/T_TableRound_M.uasset" 705
"../../../../../../Users/u1274838/Desktop/Line_Climber_Iter/Content/StarterContent/Textures/T_TableRound_N.uasset" 706
"../../../../../../Users/u1274838/Desktop/Line_Climber_Iter/Content/StarterContent/Props/Materials/M_TableRound.uasset" 707
"../../../../../../Users/u1274838/Desktop/Line_Climber_Iter/Content/StarterContent/Props/SM_TableRound.uasset" 708
"../../../../../../Users/u1274838/Desktop/Line_Climber_Iter/Content/StarterContent/Maps/Minimal_Default.umap" 709
"../../../../../../Users/u1274838/Desktop/Line_Climber_Iter/Content/StarterContent/Audio/Fire01_Cue.uasset" 710
"../../../../../../Users/u1274838/Desktop/Line_Climber_Iter/Content/StarterContent/Textures/T_Fire_SubUV.uasset" 711
"../../../../../../Users/u1274838/Desktop/Line_Climber_Iter/Content/StarterContent/Textures/T_Fire_Tiled_D.uasset" 712
"../../../../../../Users/u1274838/Desktop/Line_Climber_Iter/Content/StarterContent/Particles/Materials/M_Fire_SubUV.uasset" 713
"../../../../../../Users/u1274838/Desktop/Line_Climber_Iter/Content/StarterContent/Textures/T_Water_N.uasset" 714
"../../../../../../Users/u1274838/Desktop/Line_Climber_Iter/Content/StarterContent/Particles/Materials/M_Heat_Distortion.uasset" 715
"../../../../../../Users/u1274838/Desktop/Line_Climber_Iter/Content/StarterContent/Particles/Materials/M_Radial_Gradient.uasset" 716
"../../../../../../Users/u1274838/Desktop/Line_Climber_Iter/Content/StarterContent/Particles/P_Fire.uasset" 717
"../../../../../../Users/u1274838/Desktop/Line_Climber_Iter/Content/StarterContent/Blueprints/Blueprint_Effect_Fire.uasset" 718
"../../../../../../Users/u1274838/Desktop/Line_Climber_Iter/Content/StarterContent/Audio/Smoke01_Cue.uasset" 719
"../../../../../../Users/u1274838/Desktop/Line_Climber_Iter/Content/StarterContent/Particles/P_Smoke.uasset" 720
"../../../../../../Users/u1274838/Desktop/Line_Climber_Iter/Content/StarterContent/Blueprints/Blueprint_Effect_Smoke.uasset" 721
"../../../../../../Users/u1274838/Desktop/Line_Climber_Iter/Content/StarterContent/Audio/Fire_Sparks01_Cue.uasset" 722
"../../../../../../Users/u1274838/Desktop/Line_Climber_Iter/Content/StarterContent/Textures/T_Spark_Core.uasset" 723
"../../../../../../Users/u1274838/Desktop/Line_Climber_Iter/Content/StarterContent/Particles/Materials/M_Spark.uasset" 724
"../../../../../../Users/u1274838/Desktop/Line_Climber_Iter/Content/StarterContent/Particles/P_Sparks.uasset" 725
"../../../../../../Users/u1274838/Desktop/Line_Climber_Iter/Content/StarterContent/Blueprints/Blueprint_Effect_Sparks.uasset" 726
"../../../../../../Users/u1274838/Desktop/Line_Climber_Iter/Content/StarterContent/Audio/Steam01_Cue.uasset" 727
"../../../../../../Users/u1274838/Desktop/Line_Climber_Iter/Content/StarterContent/Particles/P_Steam_Lit.uasset" 728
"../../../../../../Users/u1274838/Desktop/Line_Climber_Iter/Content/StarterContent/Blueprints/Blueprint_Effect_Steam.uasset" 729
"../../../../../../Users/u1274838/Desktop/Line_Climber_Iter/Content/StarterContent/Textures/T_Lamp_M.uasset" 730
"../../../../../../Users/u1274838/Desktop/Line_Climber_Iter/Content/StarterContent/Textures/T_Lamp_N.uasset" 731
"../../../../../../Users/u1274838/Desktop/Line_Climber_Iter/Content/StarterContent/Props/Materials/M_Lamp.uasset" 732
"../../../../../../Users/u1274838/Desktop/Line_Climber_Iter/Content/StarterContent/Props/SM_Lamp_Ceiling.uasset" 733
"../../../../../../Users/u1274838/Desktop/Line_Climber_Iter/Content/StarterContent/Blueprints/Blueprint_CeilingLight.uasset" 734
"../../../../../../Users/u1274838/Desktop/Line_Climber_Iter/Content/StarterContent/Props/SM_Lamp_Wall.uasset" 735
"../../../../../../Users/u1274838/Desktop/Line_Climber_Iter/Content/StarterContent/Blueprints/Blueprint_WallSconce.uasset" 736
"../../../../../../Users/u1274838/Desktop/Line_Climber_Iter/Content/StarterContent/Maps/StarterMap_BuiltData.uasset" 737
"../../../../../../Users/u1274838/Desktop/Line_Climber_Iter/Content/StarterContent/Textures/T_Brick_Clay_Beveled_D.uasset" 738
"../../../../../../Users/u1274838/Desktop/Line_Climber_Iter/Content/StarterContent/Textures/T_Brick_Clay_Beveled_M.uasset" 739
"../../../../../../Users/u1274838/Desktop/Line_Climber_Iter/Content/StarterContent/Textures/T_Brick_Clay_Beveled_N.uasset" 740
"../../../../../../Users/u1274838/Desktop/Line_Climber_Iter/Content/StarterContent/Materials/M_Brick_Clay_Beveled.uasset" 741
"../../../../../../Users/u1274838/Desktop/Line_Climber_Iter/Content/StarterContent/Textures/T_Brick_Clay_New_D.uasset" 742
"../../../../../../Users/u1274838/Desktop/Line_Climber_Iter/Content/StarterContent/Textures/T_Brick_Clay_New_M.uasset" 743
"../../../../../../Users/u1274838/Desktop/Line_Climber_Iter/Content/StarterContent/Textures/T_Brick_Clay_New_N.uasset" 744
"../../../../../../Users/u1274838/Desktop/Line_Climber_Iter/Content/StarterContent/Materials/M_Brick_Clay_New.uasset" 745
"../../../../../../Users/u1274838/Desktop/Line_Climber_Iter/Content/StarterContent/Textures/T_Brick_Clay_Old_D.uasset" 746
"../../../../../../Users/u1274838/Desktop/Line_Climber_Iter/Content/StarterContent/Textures/T_Brick_Clay_Old_N.uasset" 747
"../../../../../../Users/u1274838/Desktop/Line_Climber_Iter/Content/StarterContent/Materials/M_Brick_Clay_Old.uasset" 748
"../../../../../../Users/u1274838/Desktop/Line_Climber_Iter/Content/StarterContent/Textures/T_Brick_Cut_Stone_D.uasset" 749
"../../../../../../Users/u1274838/Desktop/Line_Climber_Iter/Content/StarterContent/Textures/T_Brick_Cut_Stone_N.uasset" 750
"../../../../../../Users/u1274838/Desktop/Line_Climber_Iter/Content/StarterContent/Materials/M_Brick_Cut_Stone.uasset" 751
"../../../../../../Users/u1274838/Desktop/Line_Climber_Iter/Content/StarterContent/Textures/T_Brick_Hewn_Stone_D.uasset" 752
"../../../../../../Users/u1274838/Desktop/Line_Climber_Iter/Content/StarterContent/Textures/T_Brick_Hewn_Stone_M.uasset" 753
"../../../../../../Users/u1274838/Desktop/Line_Climber_Iter/Content/StarterContent/Textures/T_Brick_Hewn_Stone_N.uasset" 754
"../../../../../../Users/u1274838/Desktop/Line_Climber_Iter/Content/StarterContent/Materials/M_Brick_Hewn_Stone.uasset" 755
"../../../../../../Users/u1274838/Desktop/Line_Climber_Iter/Content/StarterContent/Textures/T_Ceramic_Tile_M.uasset" 756
"../../../../../../Users/u1274838/Desktop/Line_Climber_Iter/Content/StarterContent/Textures/T_Ceramic_Tile_N.uasset" 757
"../../../../../../Users/u1274838/Desktop/Line_Climber_Iter/Content/StarterContent/Textures/T_Rock_Marble_Polished_D.uasset" 758
"../../../../../../Users/u1274838/Desktop/Line_Climber_Iter/Content/StarterContent/Materials/M_Ceramic_Tile_Checker.uasset" 759
"../../../../../../Users/u1274838/Desktop/Line_Climber_Iter/Content/StarterContent/Textures/T_CobbleStone_Pebble_D.uasset" 760
"../../../../../../Users/u1274838/Desktop/Line_Climber_Iter/Content/StarterContent/Textures/T_CobbleStone_Pebble_M.uasset" 761
"../../../../../../Users/u1274838/Desktop/Line_Climber_Iter/Content/StarterContent/Textures/T_CobbleStone_Pebble_N.uasset" 762
"../../../../../../Users/u1274838/Desktop/Line_Climber_Iter/Content/StarterContent/Materials/M_CobbleStone_Pebble.uasset" 763
"../../../../../../Users/u1274838/Desktop/Line_Climber_Iter/Content/StarterContent/Textures/T_CobbleStone_Rough_D.uasset" 764
"../../../../../../Users/u1274838/Desktop/Line_Climber_Iter/Content/StarterContent/Textures/T_CobbleStone_Rough_N.uasset" 765
"../../../../../../Users/u1274838/Desktop/Line_Climber_Iter/Content/StarterContent/Textures/T_Gradinet_01.uasset" 766
"../../../../../../Users/u1274838/Desktop/Line_Climber_Iter/Content/StarterContent/Textures/T_Rock_Smooth_Granite_D.uasset" 767
"../../../../../../Users/u1274838/Desktop/Line_Climber_Iter/Content/StarterContent/Materials/M_CobbleStone_Rough.uasset" 768
"../../../../../../Users/u1274838/Desktop/Line_Climber_Iter/Content/StarterContent/Textures/T_CobbleStone_Smooth_D.uasset" 769
"../../../../../../Users/u1274838/Desktop/Line_Climber_Iter/Content/StarterContent/Textures/T_CobbleStone_Smooth_M.uasset" 770
"../../../../../../Users/u1274838/Desktop/Line_Climber_Iter/Content/StarterContent/Textures/T_CobbleStone_Smooth_N.uasset" 771
"../../../../../../Users/u1274838/Desktop/Line_Climber_Iter/Content/StarterContent/Materials/M_CobbleStone_Smooth.uasset" 772
"../../../../../../Users/u1274838/Desktop/Line_Climber_Iter/Content/StarterContent/Textures/T_Concrete_Grime_D.uasset" 773
"../../../../../../Users/u1274838/Desktop/Line_Climber_Iter/Content/StarterContent/Materials/M_Concrete_Grime.uasset" 774
"../../../../../../Users/u1274838/Desktop/Line_Climber_Iter/Content/StarterContent/Textures/T_Concrete_Panels_D.uasset" 775
"../../../../../../Users/u1274838/Desktop/Line_Climber_Iter/Content/StarterContent/Textures/T_Concrete_Panels_N.uasset" 776
"../../../../../../Users/u1274838/Desktop/Line_Climber_Iter/Content/StarterContent/Materials/M_Concrete_Panels.uasset" 777
"../../../../../../Users/u1274838/Desktop/Line_Climber_Iter/Content/StarterContent/Textures/T_Concrete_Poured_D.uasset" 778
"../../../../../../Users/u1274838/Desktop/Line_Climber_Iter/Content/StarterContent/Textures/T_Concrete_Poured_N.uasset" 779
"../../../../../../Users/u1274838/Desktop/Line_Climber_Iter/Content/StarterContent/Materials/M_Concrete_Poured.uasset" 780
"../../../../../../Users/u1274838/Desktop/Line_Climber_Iter/Content/StarterContent/Textures/T_Concrete_Tiles_D.uasset" 781
"../../../../../../Users/u1274838/Desktop/Line_Climber_Iter/Content/StarterContent/Textures/T_Concrete_Tiles_M.uasset" 782
"../../../../../../Users/u1274838/Desktop/Line_Climber_Iter/Content/StarterContent/Textures/T_Concrete_Tiles_N.uasset" 783
"../../../../../../Users/u1274838/Desktop/Line_Climber_Iter/Content/StarterContent/Textures/T_Concrete_Tiles_Variation_M.uasset" 784
"../../../../../../Users/u1274838/Desktop/Line_Climber_Iter/Content/StarterContent/Materials/M_Concrete_Tiles.uasset" 785
"../../../../../../Users/u1274838/Desktop/Line_Climber_Iter/Content/StarterContent/Textures/T_Ground_Gravel_D.uasset" 786
"../../../../../../Users/u1274838/Desktop/Line_Climber_Iter/Content/StarterContent/Textures/T_Ground_Gravel_N.uasset" 787
"../../../../../../Users/u1274838/Desktop/Line_Climber_Iter/Content/StarterContent/Materials/M_Ground_Gravel.uasset" 788
"../../../../../../Users/u1274838/Desktop/Line_Climber_Iter/Content/StarterContent/Textures/T_ground_Moss_D.uasset" 789
"../../../../../../Users/u1274838/Desktop/Line_Climber_Iter/Content/StarterContent/Textures/T_Ground_Moss_N.uasset" 790
"../../../../../../Users/u1274838/Desktop/Line_Climber_Iter/Content/StarterContent/Materials/M_Ground_Moss.uasset" 791
"../../../../../../Users/u1274838/Desktop/Line_Climber_Iter/Content/StarterContent/Materials/M_Metal_Chrome.uasset" 792
"../../../../../../Users/u1274838/Desktop/Line_Climber_Iter/Content/StarterContent/Textures/T_Metal_Gold_D.uasset" 793
"../../../../../../Users/u1274838/Desktop/Line_Climber_Iter/Content/StarterContent/Materials/M_Metal_Gold.uasset" 794
"../../../../../../Users/u1274838/Desktop/Line_Climber_Iter/Content/StarterContent/Materials/M_Metal_Rust.uasset" 795
"../../../../../../Users/u1274838/Desktop/Line_Climber_Iter/Content/StarterContent/Textures/T_Metal_Steel_D.uasset" 796
"../../../../../../Users/u1274838/Desktop/Line_Climber_Iter/Content/StarterContent/Textures/T_Metal_Steel_N.uasset" 797
"../../../../../../Users/u1274838/Desktop/Line_Climber_Iter/Content/StarterContent/Materials/M_Metal_Steel.uasset" 798
"../../../../../../Users/u1274838/Desktop/Line_Climber_Iter/Content/StarterContent/Textures/T_Rock_Basalt_N.uasset" 799
"../../../../../../Users/u1274838/Desktop/Line_Climber_Iter/Content/StarterContent/Materials/M_Rock_Basalt.uasset" 800
"../../../../../../Users/u1274838/Desktop/Line_Climber_Iter/Content/StarterContent/Materials/M_Rock_Marble_Polished.uasset" 801
"../../../../../../Users/u1274838/Desktop/Line_Climber_Iter/Content/StarterContent/Textures/T_Rock_Sandstone_D.uasset" 802
"../../../../../../Users/u1274838/Desktop/Line_Climber_Iter/Content/StarterContent/Textures/T_Rock_Sandstone_N.uasset" 803
"../../../../../../Users/u1274838/Desktop/Line_Climber_Iter/Content/StarterContent/Materials/M_Rock_Sandstone.uasset" 804
"../../../../../../Users/u1274838/Desktop/Line_Climber_Iter/Content/StarterContent/Textures/T_Rock_Slate_D.uasset" 805
"../../../../../../Users/u1274838/Desktop/Line_Climber_Iter/Content/StarterContent/Textures/T_Rock_Slate_N.uasset" 806
"../../../../../../Users/u1274838/Desktop/Line_Climber_Iter/Content/StarterContent/Materials/M_Rock_Slate.uasset" 807
"../../../../../../Users/u1274838/Desktop/Line_Climber_Iter/Content/StarterContent/Textures/T_Checker_Noise_M.uasset" 808
"../../../../../../Users/u1274838/Desktop/Line_Climber_Iter/Content/StarterContent/Textures/T_Single_Tile_N.uasset" 809
"../../../../../../Users/u1274838/Desktop/Line_Climber_Iter/Content/StarterContent/Textures/T_Tech_Dot_M.uasset" 810
"../../../../../../Users/u1274838/Desktop/Line_Climber_Iter/Content/StarterContent/Textures/T_Tech_Dot_N.uasset" 811
"../../../../../../Users/u1274838/Desktop/Line_Climber_Iter/Content/StarterContent/Materials/M_Tech_Checker_Dot.uasset" 812
"../../../../../../Users/u1274838/Desktop/Line_Climber_Iter/Content/StarterContent/Materials/M_Tech_Hex_Tile.uasset" 813
"../../../../../../Users/u1274838/Desktop/Line_Climber_Iter/Content/StarterContent/Textures/T_Tech_Panel_M.uasset" 814
"../../../../../../Users/u1274838/Desktop/Line_Climber_Iter/Content/StarterContent/Textures/T_Tech_Panel_N.uasset" 815
"../../../../../../Users/u1274838/Desktop/Line_Climber_Iter/Content/StarterContent/Materials/M_Tech_Panel.uasset" 816
"../../../../../../Users/u1274838/Desktop/Line_Climber_Iter/Content/StarterContent/Materials/M_Water_Lake.uasset" 817
"../../../../../../Users/u1274838/Desktop/Line_Climber_Iter/Content/StarterContent/Textures/T_Water_M.uasset" 818
"../../../../../../Users/u1274838/Desktop/Line_Climber_Iter/Content/StarterContent/Materials/M_Water_Ocean.uasset" 819
"../../../../../../Users/u1274838/Desktop/Line_Climber_Iter/Content/StarterContent/Textures/T_Wood_Floor_Walnut_D.uasset" 820
"../../../../../../Users/u1274838/Desktop/Line_Climber_Iter/Content/StarterContent/Textures/T_Wood_Floor_Walnut_M.uasset" 821
"../../../../../../Users/u1274838/Desktop/Line_Climber_Iter/Content/StarterContent/Textures/T_Wood_Floor_Walnut_N.uasset" 822
"../../../../../../Users/u1274838/Desktop/Line_Climber_Iter/Content/StarterContent/Materials/M_Wood_Floor_Walnut_Polished.uasset" 823
"../../../Engine/Content/Functions/Engine_MaterialFunctions01/Opacity/AlphaOffset.uasset" 824
"../../../../../../Users/u1274838/Desktop/Line_Climber_Iter/Content/StarterContent/Materials/M_Wood_Floor_Walnut_Worn.uasset" 825
"../../../../../../Users/u1274838/Desktop/Line_Climber_Iter/Content/StarterContent/Textures/T_Wood_Oak_D.uasset" 826
"../../../../../../Users/u1274838/Desktop/Line_Climber_Iter/Content/StarterContent/Textures/T_Wood_Oak_N.uasset" 827
"../../../../../../Users/u1274838/Desktop/Line_Climber_Iter/Content/StarterContent/Materials/M_Wood_Oak.uasset" 828
"../../../../../../Users/u1274838/Desktop/Line_Climber_Iter/Content/StarterContent/Textures/T_Wood_Pine_D.uasset" 829
"../../../../../../Users/u1274838/Desktop/Line_Climber_Iter/Content/StarterContent/Textures/T_Wood_Pine_N.uasset" 830
"../../../../../../Users/u1274838/Desktop/Line_Climber_Iter/Content/StarterContent/Materials/M_Wood_Pine.uasset" 831
"../../../../../../Users/u1274838/Desktop/Line_Climber_Iter/Content/StarterContent/Textures/T_Wood_Walnut_D.uasset" 832
"../../../../../../Users/u1274838/Desktop/Line_Climber_Iter/Content/StarterContent/Textures/T_Wood_Walnut_N.uasset" 833
"../../../../../../Users/u1274838/Desktop/Line_Climber_Iter/Content/StarterContent/Materials/M_Wood_Walnut.uasset" 834
"../../../../../../Users/u1274838/Desktop/Line_Climber_Iter/Content/StarterContent/Architecture/Wall_400x200.uasset" 835
"../../../../../../Users/u1274838/Desktop/Line_Climber_Iter/Content/StarterContent/Architecture/Wall_Door_400x300.uasset" 836
"../../../../../../Users/u1274838/Desktop/Line_Climber_Iter/Content/StarterContent/Architecture/Wall_Window_400x300.uasset" 837
"../../../../../../Users/u1274838/Desktop/Line_Climber_Iter/Content/StarterContent/Audio/Collapse_Cue.uasset" 838
"../../../../../../Users/u1274838/Desktop/Line_Climber_Iter/Content/StarterContent/Audio/Starter_Music_Cue.uasset" 839
"../../../../../../Users/u1274838/Desktop/Line_Climber_Iter/Content/StarterContent/Textures/T_Dust_Particle_D.uasset" 840
"../../../../../../Users/u1274838/Desktop/Line_Climber_Iter/Content/StarterContent/Particles/Materials/M_Dust_Particle.uasset" 841
"../../../../../../Users/u1274838/Desktop/Line_Climber_Iter/Content/StarterContent/Particles/P_Ambient_Dust.uasset" 842
"../../../../../../Users/u1274838/Desktop/Line_Climber_Iter/Content/StarterContent/Props/MaterialSphere.uasset" 843
"../../../../../../Users/u1274838/Desktop/Line_Climber_Iter/Content/StarterContent/Textures/T_Frame_M.uasset" 844
"../../../../../../Users/u1274838/Desktop/Line_Climber_Iter/Content/StarterContent/Textures/T_Frame_N.uasset" 845
"../../../../../../Users/u1274838/Desktop/Line_Climber_Iter/Content/StarterContent/Props/Materials/M_Frame.uasset" 846
"../../../../../../Users/u1274838/Desktop/Line_Climber_Iter/Content/StarterContent/Props/SM_CornerFrame.uasset" 847
"../../../../../../Users/u1274838/Desktop/Line_Climber_Iter/Content/StarterContent/Props/SM_DoorFrame.uasset" 848
"../../../../../../Users/u1274838/Desktop/Line_Climber_Iter/Content/StarterContent/Props/SM_GlassWindow.uasset" 849
"../../../../../../Users/u1274838/Desktop/Line_Climber_Iter/Content/StarterContent/Props/SM_PillarFrame.uasset" 850
"../../../../../../Users/u1274838/Desktop/Line_Climber_Iter/Content/StarterContent/Props/SM_PillarFrame300.uasset" 851
"../../../../../../Users/u1274838/Desktop/Line_Climber_Iter/Content/StarterContent/Props/SM_WindowFrame.uasset" 852
"../../../../../../Users/u1274838/Desktop/Line_Climber_Iter/Content/StarterContent/Shapes/Shape_Cube.uasset" 853
"../../../../../../Users/u1274838/Desktop/Line_Climber_Iter/Content/StarterContent/Shapes/Shape_QuadPyramid.uasset" 854
"../../../../../../Users/u1274838/Desktop/Line_Climber_Iter/Content/StarterContent/Shapes/Shape_Sphere.uasset" 855
"../../../../../../Users/u1274838/Desktop/Line_Climber_Iter/Content/StarterContent/Maps/StarterMap.umap" 856
"../../../Engine/Content/Maps/Entry_BuiltData.uasset" 857
"../../../Engine/Content/Maps/Entry.umap" 858
